[2026-03-21T14:02:13.280Z] === 看门狗启动 ===
[2026-03-21T14:02:13.282Z] 监控目录: C:\Users\Administrator\.openclaw\workspace\ai-forum
[2026-03-21T14:02:13.290Z] 监控中... 按 Ctrl+C 停止
[2026-03-21T14:02:13.295Z] 端口3000被占用，等待10秒...
[2026-03-21T14:02:23.298Z] 端口3000被占用，等待10秒...
[2026-03-21T14:02:33.302Z] 端口3000被占用，等待10秒...
[2026-03-21T14:02:43.315Z] 端口3000被占用，等待10秒...
[2026-03-21T14:02:53.326Z] 端口3000被占用，等待10秒...
[2026-03-21T14:03:03.331Z] 端口3000被占用，等待10秒...
[2026-03-21T14:03:13.337Z] 端口3000被占用，等待10秒...
[2026-03-21T14:03:23.345Z] 端口3000被占用，等待10秒...
[2026-03-21T14:03:33.346Z] 端口3000被占用，等待10秒...
[2026-03-21T14:03:43.352Z] 端口3000被占用，等待10秒...
[2026-03-21T14:03:53.356Z] 端口3000被占用，等待10秒...
[2026-03-21T14:04:03.359Z] 端口3000被占用，等待10秒...
[2026-03-21T14:04:13.373Z] 端口3000被占用，等待10秒...
[2026-03-21T14:04:23.378Z] 端口3000被占用，等待10秒...
[2026-03-21T14:04:33.390Z] 端口3000被占用，等待10秒...
[2026-03-21T14:04:43.403Z] 端口3000被占用，等待10秒...
[2026-03-21T14:04:53.405Z] 端口3000被占用，等待10秒...
[2026-03-21T14:05:03.407Z] 端口3000被占用，等待10秒...
[2026-03-21T14:05:13.413Z] 端口3000被占用，等待10秒...
[2026-03-21T14:05:23.427Z] 端口3000被占用，等待10秒...
[2026-03-21T14:05:33.437Z] 端口3000被占用，等待10秒...
[2026-03-21T14:05:43.448Z] 端口3000被占用，等待10秒...
[2026-03-21T14:05:53.455Z] 端口3000被占用，等待10秒...
[2026-03-21T14:06:03.458Z] 端口3000被占用，等待10秒...
[2026-03-21T14:06:13.468Z] 端口3000被占用，等待10秒...
[2026-03-21T14:06:23.474Z] 端口3000被占用，等待10秒...
[2026-03-21T14:06:33.474Z] 端口3000被占用，等待10秒...
[2026-03-21T14:06:43.485Z] 端口3000被占用，等待10秒...
[2026-03-21T14:06:53.486Z] 端口3000被占用，等待10秒...
[2026-03-21T14:07:03.495Z] 端口3000被占用，等待10秒...
[2026-03-21T14:07:13.506Z] 端口3000被占用，等待10秒...
[2026-03-21T14:07:23.507Z] 端口3000被占用，等待10秒...
[2026-03-21T14:07:33.513Z] 端口3000被占用，等待10秒...
[2026-03-21T14:07:43.518Z] 端口3000被占用，等待10秒...
[2026-03-21T14:07:53.521Z] 端口3000被占用，等待10秒...
[2026-03-21T14:08:03.532Z] 端口3000被占用，等待10秒...
[2026-03-21T14:08:13.544Z] 端口3000被占用，等待10秒...
[2026-03-21T14:08:23.552Z] 端口3000被占用，等待10秒...
[2026-03-21T14:08:33.565Z] 端口3000被占用，等待10秒...
[2026-03-21T14:08:43.575Z] 端口3000被占用，等待10秒...
[2026-03-21T14:08:53.589Z] 端口3000被占用，等待10秒...
[2026-03-21T14:09:03.605Z] 端口3000被占用，等待10秒...
[2026-03-21T14:09:13.616Z] 端口3000被占用，等待10秒...
[2026-03-21T14:09:23.630Z] 端口3000被占用，等待10秒...
[2026-03-21T14:09:33.646Z] 端口3000被占用，等待10秒...
[2026-03-21T14:09:43.647Z] 端口3000被占用，等待10秒...
[2026-03-21T14:09:53.662Z] 端口3000被占用，等待10秒...
[2026-03-21T14:10:03.665Z] 端口3000被占用，等待10秒...
[2026-03-21T14:10:13.668Z] 端口3000被占用，等待10秒...
[2026-03-21T14:10:23.669Z] 端口3000被占用，等待10秒...
[2026-03-21T14:10:33.673Z] 端口3000被占用，等待10秒...
[2026-03-21T14:10:43.678Z] 端口3000被占用，等待10秒...
[2026-03-21T14:10:53.683Z] 端口3000被占用，等待10秒...
[2026-03-21T14:11:03.689Z] 端口3000被占用，等待10秒...
[2026-03-21T14:11:13.690Z] 端口3000被占用，等待10秒...
[2026-03-21T14:11:23.696Z] 端口3000被占用，等待10秒...
[2026-03-21T14:27:03.894Z] === 看门狗启动 ===
[2026-03-21T14:27:03.896Z] 监控目录: C:\Users\Administrator\.openclaw\workspace\ai-forum
[2026-03-21T14:27:03.905Z] 监控中... 按 Ctrl+C 停止
[2026-03-21T14:27:03.910Z] 启动论坛服务器...
[2026-03-21T14:27:55.512Z] 服务器退出，退出码: 1
[2026-03-21T14:27:55.512Z] 将在5秒后重启 (今日第1次)
[2026-03-21T14:27:57.481Z] === 看门狗启动 ===
[2026-03-21T14:27:57.484Z] 监控目录: C:\Users\Administrator\.openclaw\workspace\ai-forum
[2026-03-21T14:27:57.492Z] 监控中... 按 Ctrl+C 停止
[2026-03-21T14:27:57.497Z] 启动论坛服务器...
[2026-03-21T14:28:00.527Z] 启动论坛服务器...
[2026-03-21T14:28:00.636Z] 服务器退出，退出码: 1
[2026-03-21T14:28:00.636Z] 将在5秒后重启 (今日第2次)
[2026-03-21T14:28:05.643Z] 启动论坛服务器...
[2026-03-21T14:28:05.746Z] 服务器退出，退出码: 1
[2026-03-21T14:28:05.746Z] 将在5秒后重启 (今日第3次)
[2026-03-21T14:28:10.747Z] 启动论坛服务器...
[2026-03-21T14:28:10.853Z] 服务器退出，退出码: 1
[2026-03-21T14:28:10.853Z] 将在5秒后重启 (今日第4次)
[2026-03-21T14:28:15.857Z] 启动论坛服务器...
[2026-03-21T14:28:15.958Z] 服务器退出，退出码: 1
[2026-03-21T14:28:15.959Z] 将在5秒后重启 (今日第5次)
[2026-03-21T14:28:20.966Z] 启动论坛服务器...
[2026-03-21T14:28:21.068Z] 服务器退出，退出码: 1
[2026-03-21T14:28:21.069Z] 将在5秒后重启 (今日第6次)
[2026-03-21T14:28:26.078Z] 启动论坛服务器...
[2026-03-21T14:28:26.179Z] 服务器退出，退出码: 1
[2026-03-21T14:28:26.179Z] 将在5秒后重启 (今日第7次)
[2026-03-21T14:28:31.192Z] 启动论坛服务器...
[2026-03-21T14:28:31.295Z] 服务器退出，退出码: 1
[2026-03-21T14:28:31.295Z] 将在5秒后重启 (今日第8次)
[2026-03-21T14:28:36.297Z] 启动论坛服务器...
[2026-03-21T14:28:36.397Z] 服务器退出，退出码: 1
[2026-03-21T14:28:36.397Z] 将在5秒后重启 (今日第9次)
[2026-03-21T14:28:41.412Z] 启动论坛服务器...
[2026-03-21T14:28:41.512Z] 服务器退出，退出码: 1
[2026-03-21T14:28:41.512Z] 将在5秒后重启 (今日第10次)
[2026-03-21T14:28:44.064Z] 服务器退出，退出码: 1
[2026-03-21T14:28:44.064Z] 将在5秒后重启 (今日第1次)
[2026-03-21T14:28:46.524Z] 启动论坛服务器...
[2026-03-21T14:28:46.614Z] === 看门狗启动 ===
[2026-03-21T14:28:46.616Z] 监控目录: C:\Users\Administrator\.openclaw\workspace\ai-forum
[2026-03-21T14:28:46.624Z] 监控中... 按 Ctrl+C 停止
[2026-03-21T14:28:46.628Z] 启动论坛服务器...
[2026-03-21T14:28:46.730Z] 服务器退出，退出码: 1
[2026-03-21T14:28:46.730Z] 将在5秒后重启 (今日第1次)
[2026-03-21T14:28:49.078Z] 启动论坛服务器...
[2026-03-21T14:28:49.175Z] 服务器退出，退出码: 1
[2026-03-21T14:28:49.175Z] 将在5秒后重启 (今日第2次)
[2026-03-21T14:28:51.734Z] 启动论坛服务器...
[2026-03-21T14:28:51.834Z] 服务器退出，退出码: 1
[2026-03-21T14:28:51.834Z] 将在5秒后重启 (今日第2次)
[2026-03-21T14:28:54.186Z] 启动论坛服务器...
[2026-03-21T14:28:54.287Z] 服务器退出，退出码: 1
[2026-03-21T14:28:54.287Z] 将在5秒后重启 (今日第3次)
[2026-03-21T14:28:56.838Z] 启动论坛服务器...
[2026-03-21T14:28:56.936Z] 服务器退出，退出码: 1
[2026-03-21T14:28:56.937Z] 将在5秒后重启 (今日第3次)
[2026-03-21T14:28:59.292Z] 启动论坛服务器...
[2026-03-21T14:28:59.392Z] 服务器退出，退出码: 1
[2026-03-21T14:28:59.392Z] 将在5秒后重启 (今日第4次)
[2026-03-21T14:29:01.941Z] 启动论坛服务器...
[2026-03-21T14:29:02.058Z] 服务器退出，退出码: 1
[2026-03-21T14:29:02.058Z] 将在5秒后重启 (今日第4次)
[2026-03-21T14:29:04.398Z] 启动论坛服务器...
[2026-03-21T14:29:04.497Z] 服务器退出，退出码: 1
[2026-03-21T14:29:04.497Z] 将在5秒后重启 (今日第5次)
[2026-03-21T14:29:07.064Z] 启动论坛服务器...
[2026-03-21T14:29:07.164Z] 服务器退出，退出码: 1
[2026-03-21T14:29:07.164Z] 将在5秒后重启 (今日第5次)
[2026-03-21T14:29:09.502Z] 启动论坛服务器...
[2026-03-21T14:29:09.598Z] 服务器退出，退出码: 1
[2026-03-21T14:29:09.598Z] 将在5秒后重启 (今日第6次)
[2026-03-21T14:29:12.167Z] 启动论坛服务器...
[2026-03-21T14:29:12.264Z] 服务器退出，退出码: 1
[2026-03-21T14:29:12.264Z] 将在5秒后重启 (今日第6次)
[2026-03-21T14:29:14.604Z] 启动论坛服务器...
[2026-03-21T14:29:14.701Z] 服务器退出，退出码: 1
[2026-03-21T14:29:14.701Z] 将在5秒后重启 (今日第7次)
[2026-03-21T14:29:17.268Z] 启动论坛服务器...
[2026-03-21T14:29:17.366Z] 服务器退出，退出码: 1
[2026-03-21T14:29:17.367Z] 将在5秒后重启 (今日第7次)
[2026-03-21T14:29:19.711Z] 启动论坛服务器...
[2026-03-21T14:29:19.808Z] 服务器退出，退出码: 1
[2026-03-21T14:29:19.809Z] 将在5秒后重启 (今日第8次)
[2026-03-21T14:29:22.382Z] 启动论坛服务器...
[2026-03-21T14:29:22.480Z] 服务器退出，退出码: 1
[2026-03-21T14:29:22.480Z] 将在5秒后重启 (今日第8次)
[2026-03-21T14:29:24.822Z] 启动论坛服务器...
[2026-03-21T14:29:24.920Z] 服务器退出，退出码: 1
[2026-03-21T14:29:24.920Z] 将在5秒后重启 (今日第9次)
[2026-03-21T14:29:27.144Z] 服务器退出，退出码: 1
[2026-03-21T14:29:27.144Z] 重启次数过多，暂停1小时
[2026-03-21T14:29:27.487Z] 启动论坛服务器...
[2026-03-21T14:29:29.928Z] 启动论坛服务器...
[2026-03-21T14:29:30.032Z] 服务器退出，退出码: 1
[2026-03-21T14:29:30.032Z] 将在5秒后重启 (今日第10次)
[2026-03-21T14:29:35.037Z] 启动论坛服务器...
[2026-03-21T14:29:35.135Z] 服务器退出，退出码: 1
[2026-03-21T14:29:35.135Z] 重启次数过多，暂停1小时
[2026-03-21T14:29:46.227Z] 服务器退出，退出码: 1
[2026-03-21T14:29:46.227Z] 将在5秒后重启 (今日第9次)
[2026-03-21T14:29:48.919Z] === 看门狗启动 ===
[2026-03-21T14:29:48.921Z] 监控目录: C:\Users\Administrator\.openclaw\workspace\ai-forum
[2026-03-21T14:29:48.930Z] 监控中... 按 Ctrl+C 停止
[2026-03-21T14:29:48.935Z] 启动论坛服务器...
[2026-03-21T14:29:51.232Z] 启动论坛服务器...
[2026-03-21T14:29:51.330Z] 服务器退出，退出码: 1
[2026-03-21T14:29:51.330Z] 将在5秒后重启 (今日第10次)
[2026-03-21T14:29:56.339Z] 启动论坛服务器...
[2026-03-21T14:29:56.440Z] 服务器退出，退出码: 1
[2026-03-21T14:29:56.440Z] 重启次数过多，暂停1小时
[2026-03-21T14:30:46.200Z] 服务器退出，退出码: 1
[2026-03-21T14:30:46.200Z] 将在5秒后重启 (今日第1次)
[2026-03-21T14:30:51.207Z] 启动论坛服务器...
[2026-03-21T14:31:00.072Z] 服务器退出，退出码: 1
[2026-03-21T14:31:00.073Z] 将在5秒后重启 (今日第2次)
[2026-03-21T14:31:05.088Z] 启动论坛服务器...
[2026-03-21T14:31:05.186Z] 服务器退出，退出码: 1
[2026-03-21T14:31:05.187Z] 将在5秒后重启 (今日第3次)
[2026-03-21T14:31:10.196Z] 启动论坛服务器...
[2026-03-21T14:31:10.299Z] 服务器退出，退出码: 1
[2026-03-21T14:31:10.300Z] 将在5秒后重启 (今日第4次)
[2026-03-21T14:31:15.310Z] 启动论坛服务器...
[2026-03-21T14:31:15.409Z] 服务器退出，退出码: 1
[2026-03-21T14:31:15.409Z] 将在5秒后重启 (今日第5次)
[2026-03-21T14:31:20.411Z] 启动论坛服务器...
[2026-03-21T14:32:03.912Z] 健康检查失败，无法连接到服务器
[2026-03-21T14:32:22.210Z] 服务器退出，退出码: 1
[2026-03-21T14:32:22.210Z] 将在5秒后重启 (今日第6次)
[2026-03-21T14:32:27.213Z] 启动论坛服务器...
[2026-03-21T14:32:27.319Z] 服务器退出，退出码: 1
[2026-03-21T14:32:27.319Z] 将在5秒后重启 (今日第7次)
[2026-03-21T14:32:32.328Z] 启动论坛服务器...
[2026-03-21T14:32:32.428Z] 服务器退出，退出码: 1
[2026-03-21T14:32:32.428Z] 将在5秒后重启 (今日第8次)
[2026-03-21T14:32:37.441Z] 启动论坛服务器...
[2026-03-21T14:32:37.542Z] 服务器退出，退出码: 1
[2026-03-21T14:32:37.542Z] 将在5秒后重启 (今日第9次)
[2026-03-21T14:32:42.545Z] 启动论坛服务器...
[2026-03-21T14:32:42.644Z] 服务器退出，退出码: 1
[2026-03-21T14:32:42.644Z] 将在5秒后重启 (今日第10次)
[2026-03-21T14:32:47.657Z] 启动论坛服务器...
[2026-03-21T14:32:47.756Z] 服务器退出，退出码: 1
[2026-03-21T14:32:47.757Z] 重启次数过多，暂停1小时
[2026-03-21T14:32:57.502Z] 健康检查失败，无法连接到服务器
[2026-03-21T14:33:46.632Z] 健康检查失败，无法连接到服务器
[2026-03-21T14:34:48.937Z] 健康检查失败，无法连接到服务器
[2026-03-21T14:37:03.908Z] 健康检查失败，无法连接到服务器
[2026-03-21T14:37:57.498Z] 健康检查失败，无法连接到服务器
[2026-03-21T14:38:46.637Z] 健康检查失败，无法连接到服务器
[2026-03-21T14:39:48.932Z] 健康检查失败，无法连接到服务器
[2026-03-21T14:42:03.913Z] 健康检查失败，无法连接到服务器
[2026-03-21T14:42:57.507Z] 健康检查失败，无法连接到服务器
[2026-03-21T14:43:46.636Z] 健康检查失败，无法连接到服务器
[2026-03-21T14:44:48.932Z] 健康检查失败，无法连接到服务器
[2026-03-21T14:47:03.920Z] 健康检查失败，无法连接到服务器
[2026-03-21T14:47:57.512Z] 健康检查失败，无法连接到服务器
[2026-03-21T14:48:46.640Z] 健康检查失败，无法连接到服务器
[2026-03-21T14:49:48.938Z] 健康检查失败，无法连接到服务器
[2026-03-21T14:52:03.931Z] 健康检查失败，无法连接到服务器
[2026-03-21T14:52:57.511Z] 健康检查失败，无法连接到服务器
[2026-03-21T14:53:46.642Z] 健康检查失败，无法连接到服务器
[2026-03-21T14:54:48.939Z] 健康检查失败，无法连接到服务器
[2026-03-21T14:57:03.931Z] 健康检查失败，无法连接到服务器
[2026-03-21T14:57:57.523Z] 健康检查失败，无法连接到服务器
[2026-03-21T14:58:46.647Z] 健康检查失败，无法连接到服务器
[2026-03-21T14:59:48.945Z] 健康检查失败，无法连接到服务器
[2026-03-21T15:02:03.929Z] 健康检查失败，无法连接到服务器
[2026-03-21T15:02:57.529Z] 健康检查失败，无法连接到服务器
[2026-03-21T15:03:46.657Z] 健康检查失败，无法连接到服务器
[2026-03-21T15:04:48.945Z] 健康检查失败，无法连接到服务器
[2026-03-21T15:07:03.934Z] 健康检查失败，无法连接到服务器
[2026-03-21T15:07:57.526Z] 健康检查失败，无法连接到服务器
[2026-03-21T15:08:46.666Z] 健康检查失败，无法连接到服务器
[2026-03-21T15:09:48.954Z] 健康检查失败，无法连接到服务器
[2026-03-21T15:12:03.936Z] 健康检查失败，无法连接到服务器
[2026-03-21T15:12:57.530Z] 健康检查失败，无法连接到服务器
[2026-03-21T15:13:46.664Z] 健康检查失败，无法连接到服务器
[2026-03-21T15:14:48.952Z] 健康检查失败，无法连接到服务器
[2026-03-21T15:17:03.937Z] 健康检查失败，无法连接到服务器
[2026-03-21T15:17:57.531Z] 健康检查失败，无法连接到服务器
[2026-03-21T15:18:46.673Z] 健康检查失败，无法连接到服务器
[2026-03-21T15:19:48.950Z] 健康检查失败，无法连接到服务器
[2026-03-21T15:22:03.939Z] 健康检查失败，无法连接到服务器
[2026-03-21T15:22:57.535Z] 健康检查失败，无法连接到服务器
[2026-03-21T15:23:46.680Z] 健康检查失败，无法连接到服务器
[2026-03-21T15:24:48.949Z] 健康检查失败，无法连接到服务器
[2026-03-21T15:27:03.944Z] 健康检查失败，无法连接到服务器
[2026-03-21T15:27:57.538Z] 健康检查失败，无法连接到服务器
[2026-03-21T15:28:46.677Z] 健康检查失败，无法连接到服务器
[2026-03-21T15:29:27.108Z] 启动论坛服务器...
[2026-03-21T15:29:27.230Z] 服务器退出，退出码: 1
[2026-03-21T15:29:27.230Z] 将在5秒后重启 (今日第1次)
[2026-03-21T15:29:32.243Z] 启动论坛服务器...
[2026-03-21T15:29:32.343Z] 服务器退出，退出码: 1
[2026-03-21T15:29:32.343Z] 将在5秒后重启 (今日第2次)
[2026-03-21T15:29:35.097Z] 启动论坛服务器...
[2026-03-21T15:29:35.195Z] 服务器退出，退出码: 1
[2026-03-21T15:29:35.196Z] 将在5秒后重启 (今日第1次)
[2026-03-21T15:29:37.347Z] 启动论坛服务器...
[2026-03-21T15:29:37.445Z] 服务器退出，退出码: 1
[2026-03-21T15:29:37.445Z] 将在5秒后重启 (今日第3次)
[2026-03-21T15:29:40.204Z] 启动论坛服务器...
[2026-03-21T15:29:40.302Z] 服务器退出，退出码: 1
[2026-03-21T15:29:40.303Z] 将在5秒后重启 (今日第2次)
[2026-03-21T15:29:42.448Z] 启动论坛服务器...
[2026-03-21T15:29:42.546Z] 服务器退出，退出码: 1
[2026-03-21T15:29:42.546Z] 将在5秒后重启 (今日第4次)
[2026-03-21T15:29:45.313Z] 启动论坛服务器...
[2026-03-21T15:29:45.411Z] 服务器退出，退出码: 1
[2026-03-21T15:29:45.411Z] 将在5秒后重启 (今日第3次)
[2026-03-21T15:29:47.556Z] 启动论坛服务器...
[2026-03-21T15:29:47.656Z] 服务器退出，退出码: 1
[2026-03-21T15:29:47.656Z] 将在5秒后重启 (今日第5次)
[2026-03-21T15:29:48.946Z] 健康检查失败，无法连接到服务器
[2026-03-21T15:29:50.424Z] 启动论坛服务器...
[2026-03-21T15:29:50.521Z] 服务器退出，退出码: 1
[2026-03-21T15:29:50.521Z] 将在5秒后重启 (今日第4次)
[2026-03-21T15:29:52.670Z] 启动论坛服务器...
[2026-03-21T15:29:52.768Z] 服务器退出，退出码: 1
[2026-03-21T15:29:52.768Z] 将在5秒后重启 (今日第6次)
[2026-03-21T15:29:55.536Z] 启动论坛服务器...
[2026-03-21T15:29:55.634Z] 服务器退出，退出码: 1
[2026-03-21T15:29:55.634Z] 将在5秒后重启 (今日第5次)
[2026-03-21T15:29:56.409Z] 启动论坛服务器...
[2026-03-21T15:29:56.507Z] 服务器退出，退出码: 1
[2026-03-21T15:29:56.507Z] 将在5秒后重启 (今日第1次)
[2026-03-21T15:29:57.780Z] 启动论坛服务器...
[2026-03-21T15:29:57.878Z] 服务器退出，退出码: 1
[2026-03-21T15:29:57.878Z] 将在5秒后重启 (今日第7次)
[2026-03-21T15:30:00.648Z] 启动论坛服务器...
[2026-03-21T15:30:00.744Z] 服务器退出，退出码: 1
[2026-03-21T15:30:00.745Z] 将在5秒后重启 (今日第6次)
[2026-03-21T15:30:01.522Z] 启动论坛服务器...
[2026-03-21T15:30:01.616Z] 服务器退出，退出码: 1
[2026-03-21T15:30:01.617Z] 将在5秒后重启 (今日第2次)
[2026-03-21T15:30:02.880Z] 启动论坛服务器...
[2026-03-21T15:30:02.978Z] 服务器退出，退出码: 1
[2026-03-21T15:30:02.978Z] 将在5秒后重启 (今日第8次)
[2026-03-21T15:30:05.757Z] 启动论坛服务器...
[2026-03-21T15:30:05.852Z] 服务器退出，退出码: 1
[2026-03-21T15:30:05.853Z] 将在5秒后重启 (今日第7次)
[2026-03-21T15:30:06.632Z] 启动论坛服务器...
[2026-03-21T15:30:06.728Z] 服务器退出，退出码: 1
[2026-03-21T15:30:06.728Z] 将在5秒后重启 (今日第3次)
[2026-03-21T15:30:07.992Z] 启动论坛服务器...
[2026-03-21T15:30:08.101Z] 服务器退出，退出码: 1
[2026-03-21T15:30:08.102Z] 将在5秒后重启 (今日第9次)
[2026-03-21T15:30:10.859Z] 启动论坛服务器...
[2026-03-21T15:30:10.956Z] 服务器退出，退出码: 1
[2026-03-21T15:30:10.956Z] 将在5秒后重启 (今日第8次)
[2026-03-21T15:30:11.736Z] 启动论坛服务器...
[2026-03-21T15:30:11.835Z] 服务器退出，退出码: 1
[2026-03-21T15:30:11.835Z] 将在5秒后重启 (今日第4次)
[2026-03-21T15:30:13.110Z] 启动论坛服务器...
[2026-03-21T15:30:13.208Z] 服务器退出，退出码: 1
[2026-03-21T15:30:13.208Z] 将在5秒后重启 (今日第10次)
[2026-03-21T15:30:15.964Z] 启动论坛服务器...
[2026-03-21T15:30:16.062Z] 服务器退出，退出码: 1
[2026-03-21T15:30:16.062Z] 将在5秒后重启 (今日第9次)
[2026-03-21T15:30:16.838Z] 启动论坛服务器...
[2026-03-21T15:30:16.935Z] 服务器退出，退出码: 1
[2026-03-21T15:30:16.935Z] 将在5秒后重启 (今日第5次)
[2026-03-21T15:30:18.211Z] 启动论坛服务器...
[2026-03-21T15:30:18.311Z] 服务器退出，退出码: 1
[2026-03-21T15:30:18.311Z] 重启次数过多，暂停1小时
[2026-03-21T15:30:21.075Z] 启动论坛服务器...
[2026-03-21T15:30:21.178Z] 服务器退出，退出码: 1
[2026-03-21T15:30:21.179Z] 将在5秒后重启 (今日第10次)
[2026-03-21T15:30:21.946Z] 启动论坛服务器...
[2026-03-21T15:30:22.045Z] 服务器退出，退出码: 1
[2026-03-21T15:30:22.045Z] 将在5秒后重启 (今日第6次)
[2026-03-21T15:30:26.180Z] 启动论坛服务器...
[2026-03-21T15:30:26.279Z] 服务器退出，退出码: 1
[2026-03-21T15:30:26.280Z] 重启次数过多，暂停1小时
[2026-03-21T15:30:27.051Z] 启动论坛服务器...
[2026-03-21T15:30:27.149Z] 服务器退出，退出码: 1
[2026-03-21T15:30:27.149Z] 将在5秒后重启 (今日第7次)
[2026-03-21T15:30:32.163Z] 启动论坛服务器...
[2026-03-21T15:30:32.260Z] 服务器退出，退出码: 1
[2026-03-21T15:30:32.260Z] 将在5秒后重启 (今日第8次)
[2026-03-21T15:30:37.262Z] 启动论坛服务器...
[2026-03-21T15:30:37.376Z] 服务器退出，退出码: 1
[2026-03-21T15:30:37.376Z] 将在5秒后重启 (今日第9次)
[2026-03-21T15:30:42.382Z] 启动论坛服务器...
[2026-03-21T15:30:42.480Z] 服务器退出，退出码: 1
[2026-03-21T15:30:42.481Z] 将在5秒后重启 (今日第10次)
[2026-03-21T15:30:47.493Z] 启动论坛服务器...
[2026-03-21T15:30:47.594Z] 服务器退出，退出码: 1
[2026-03-21T15:30:47.594Z] 重启次数过多，暂停1小时
[2026-03-21T15:32:03.947Z] 健康检查失败，无法连接到服务器
[2026-03-21T15:32:47.719Z] 启动论坛服务器...
[2026-03-21T15:32:47.817Z] 服务器退出，退出码: 1
[2026-03-21T15:32:47.817Z] 将在5秒后重启 (今日第1次)
[2026-03-21T15:32:52.825Z] 启动论坛服务器...
[2026-03-21T15:32:52.923Z] 服务器退出，退出码: 1
[2026-03-21T15:32:52.923Z] 将在5秒后重启 (今日第2次)
[2026-03-21T15:32:57.540Z] 健康检查失败，无法连接到服务器
[2026-03-21T15:32:57.930Z] 启动论坛服务器...
[2026-03-21T15:32:58.027Z] 服务器退出，退出码: 1
[2026-03-21T15:32:58.027Z] 将在5秒后重启 (今日第3次)
[2026-03-21T15:33:03.039Z] 启动论坛服务器...
[2026-03-21T15:33:03.152Z] 服务器退出，退出码: 1
[2026-03-21T15:33:03.152Z] 将在5秒后重启 (今日第4次)
[2026-03-21T15:33:08.163Z] 启动论坛服务器...
[2026-03-21T15:33:08.269Z] 服务器退出，退出码: 1
[2026-03-21T15:33:08.269Z] 将在5秒后重启 (今日第5次)
[2026-03-21T15:33:13.273Z] 启动论坛服务器...
[2026-03-21T15:33:13.372Z] 服务器退出，退出码: 1
[2026-03-21T15:33:13.372Z] 将在5秒后重启 (今日第6次)
[2026-03-21T15:33:18.380Z] 启动论坛服务器...
[2026-03-21T15:33:18.478Z] 服务器退出，退出码: 1
[2026-03-21T15:33:18.478Z] 将在5秒后重启 (今日第7次)
[2026-03-21T15:33:23.485Z] 启动论坛服务器...
[2026-03-21T15:33:23.585Z] 服务器退出，退出码: 1
[2026-03-21T15:33:23.586Z] 将在5秒后重启 (今日第8次)
[2026-03-21T15:33:28.590Z] 启动论坛服务器...
[2026-03-21T15:33:28.688Z] 服务器退出，退出码: 1
[2026-03-21T15:33:28.688Z] 将在5秒后重启 (今日第9次)
[2026-03-21T15:33:33.700Z] 启动论坛服务器...
[2026-03-21T15:33:33.797Z] 服务器退出，退出码: 1
[2026-03-21T15:33:33.798Z] 将在5秒后重启 (今日第10次)
[2026-03-21T15:33:38.803Z] 启动论坛服务器...
[2026-03-21T15:33:38.899Z] 服务器退出，退出码: 1
[2026-03-21T15:33:38.899Z] 重启次数过多，暂停1小时
[2026-03-21T15:33:46.676Z] 健康检查失败，无法连接到服务器
[2026-03-21T15:34:48.957Z] 健康检查失败，无法连接到服务器
[2026-03-21T15:37:03.948Z] 健康检查失败，无法连接到服务器
[2026-03-21T15:37:57.542Z] 健康检查失败，无法连接到服务器
[2026-03-21T15:38:46.682Z] 健康检查失败，无法连接到服务器
[2026-03-21T15:39:48.962Z] 健康检查失败，无法连接到服务器
[2026-03-21T15:42:03.946Z] 健康检查失败，无法连接到服务器
[2026-03-21T15:42:57.545Z] 健康检查失败，无法连接到服务器
[2026-03-21T15:43:46.683Z] 健康检查失败，无法连接到服务器
[2026-03-21T15:44:48.965Z] 健康检查失败，无法连接到服务器
[2026-03-21T15:47:03.942Z] 健康检查失败，无法连接到服务器
[2026-03-21T15:47:57.546Z] 健康检查失败，无法连接到服务器
[2026-03-21T15:48:46.694Z] 健康检查失败，无法连接到服务器
[2026-03-21T15:49:48.973Z] 健康检查失败，无法连接到服务器
[2026-03-21T15:52:03.941Z] 健康检查失败，无法连接到服务器
[2026-03-21T15:52:57.555Z] 健康检查失败，无法连接到服务器
[2026-03-21T15:53:46.693Z] 健康检查失败，无法连接到服务器
[2026-03-21T15:54:48.976Z] 健康检查失败，无法连接到服务器
[2026-03-21T15:57:03.947Z] 健康检查失败，无法连接到服务器
[2026-03-21T15:57:57.563Z] 健康检查失败，无法连接到服务器
[2026-03-21T15:58:46.693Z] 健康检查失败，无法连接到服务器
[2026-03-21T15:59:48.985Z] 健康检查失败，无法连接到服务器
[2026-03-21T16:02:03.959Z] 健康检查失败，无法连接到服务器
[2026-03-21T16:02:57.562Z] 健康检查失败，无法连接到服务器
[2026-03-21T16:03:46.700Z] 健康检查失败，无法连接到服务器
[2026-03-21T16:04:48.995Z] 健康检查失败，无法连接到服务器
[2026-03-21T16:07:03.966Z] 健康检查失败，无法连接到服务器
[2026-03-21T16:07:57.573Z] 健康检查失败，无法连接到服务器
[2026-03-21T16:08:46.702Z] 健康检查失败，无法连接到服务器
[2026-03-21T16:09:49.003Z] 健康检查失败，无法连接到服务器
[2026-03-21T16:12:03.971Z] 健康检查失败，无法连接到服务器
[2026-03-21T16:12:57.575Z] 健康检查失败，无法连接到服务器
[2026-03-21T16:13:46.705Z] 健康检查失败，无法连接到服务器
[2026-03-21T16:14:49.004Z] 健康检查失败，无法连接到服务器
[2026-03-21T16:17:03.975Z] 健康检查失败，无法连接到服务器
[2026-03-21T16:17:57.582Z] 健康检查失败，无法连接到服务器
[2026-03-21T16:18:46.702Z] 健康检查失败，无法连接到服务器
[2026-03-21T16:19:49.003Z] 健康检查失败，无法连接到服务器
[2026-03-21T16:22:03.980Z] 健康检查失败，无法连接到服务器
[2026-03-21T16:22:57.588Z] 健康检查失败，无法连接到服务器
[2026-03-21T16:23:46.702Z] 健康检查失败，无法连接到服务器
[2026-03-21T16:24:49.003Z] 健康检查失败，无法连接到服务器
[2026-03-21T16:27:03.977Z] 健康检查失败，无法连接到服务器
[2026-03-21T16:27:57.597Z] 健康检查失败，无法连接到服务器
[2026-03-21T16:28:46.709Z] 健康检查失败，无法连接到服务器
[2026-03-21T16:29:49.004Z] 健康检查失败，无法连接到服务器
[2026-03-21T16:30:18.276Z] 启动论坛服务器...
[2026-03-21T16:30:18.396Z] 服务器退出，退出码: 1
[2026-03-21T16:30:18.397Z] 将在5秒后重启 (今日第1次)
[2026-03-21T16:30:23.412Z] 启动论坛服务器...
[2026-03-21T16:30:23.511Z] 服务器退出，退出码: 1
[2026-03-21T16:30:23.512Z] 将在5秒后重启 (今日第2次)
[2026-03-21T16:30:26.250Z] 启动论坛服务器...
[2026-03-21T16:30:26.347Z] 服务器退出，退出码: 1
[2026-03-21T16:30:26.348Z] 将在5秒后重启 (今日第1次)
[2026-03-21T16:30:28.515Z] 启动论坛服务器...
[2026-03-21T16:30:28.612Z] 服务器退出，退出码: 1
[2026-03-21T16:30:28.612Z] 将在5秒后重启 (今日第3次)
[2026-03-21T16:30:31.356Z] 启动论坛服务器...
[2026-03-21T16:30:31.453Z] 服务器退出，退出码: 1
[2026-03-21T16:30:31.454Z] 将在5秒后重启 (今日第2次)
[2026-03-21T16:30:33.617Z] 启动论坛服务器...
[2026-03-21T16:30:33.717Z] 服务器退出，退出码: 1
[2026-03-21T16:30:33.718Z] 将在5秒后重启 (今日第4次)
[2026-03-21T16:30:36.457Z] 启动论坛服务器...
[2026-03-21T16:30:36.552Z] 服务器退出，退出码: 1
[2026-03-21T16:30:36.552Z] 将在5秒后重启 (今日第3次)
[2026-03-21T16:30:38.721Z] 启动论坛服务器...
[2026-03-21T16:30:38.815Z] 服务器退出，退出码: 1
[2026-03-21T16:30:38.815Z] 将在5秒后重启 (今日第5次)
[2026-03-21T16:30:41.560Z] 启动论坛服务器...
[2026-03-21T16:30:41.664Z] 服务器退出，退出码: 1
[2026-03-21T16:30:41.664Z] 将在5秒后重启 (今日第4次)
[2026-03-21T16:30:43.817Z] 启动论坛服务器...
[2026-03-21T16:30:43.912Z] 服务器退出，退出码: 1
[2026-03-21T16:30:43.912Z] 将在5秒后重启 (今日第6次)
[2026-03-21T16:30:46.674Z] 启动论坛服务器...
[2026-03-21T16:30:46.769Z] 服务器退出，退出码: 1
[2026-03-21T16:30:46.769Z] 将在5秒后重启 (今日第5次)
[2026-03-21T16:30:47.564Z] 启动论坛服务器...
[2026-03-21T16:30:47.663Z] 服务器退出，退出码: 1
[2026-03-21T16:30:47.663Z] 将在5秒后重启 (今日第1次)
[2026-03-21T16:30:48.923Z] 启动论坛服务器...
[2026-03-21T16:30:49.019Z] 服务器退出，退出码: 1
[2026-03-21T16:30:49.019Z] 将在5秒后重启 (今日第7次)
[2026-03-21T16:30:51.777Z] 启动论坛服务器...
[2026-03-21T16:30:51.874Z] 服务器退出，退出码: 1
[2026-03-21T16:30:51.874Z] 将在5秒后重启 (今日第6次)
[2026-03-21T16:30:52.670Z] 启动论坛服务器...
[2026-03-21T16:30:52.771Z] 服务器退出，退出码: 1
[2026-03-21T16:30:52.771Z] 将在5秒后重启 (今日第2次)
[2026-03-21T16:30:54.032Z] 启动论坛服务器...
[2026-03-21T16:30:54.135Z] 服务器退出，退出码: 1
[2026-03-21T16:30:54.136Z] 将在5秒后重启 (今日第8次)
[2026-03-21T16:30:56.888Z] 启动论坛服务器...
[2026-03-21T16:30:56.987Z] 服务器退出，退出码: 1
[2026-03-21T16:30:56.987Z] 将在5秒后重启 (今日第7次)
[2026-03-21T16:30:57.778Z] 启动论坛服务器...
[2026-03-21T16:30:57.879Z] 服务器退出，退出码: 1
[2026-03-21T16:30:57.879Z] 将在5秒后重启 (今日第3次)
[2026-03-21T16:30:59.139Z] 启动论坛服务器...
[2026-03-21T16:30:59.237Z] 服务器退出，退出码: 1
[2026-03-21T16:30:59.237Z] 将在5秒后重启 (今日第9次)
[2026-03-21T16:31:01.994Z] 启动论坛服务器...
[2026-03-21T16:31:02.093Z] 服务器退出，退出码: 1
[2026-03-21T16:31:02.093Z] 将在5秒后重启 (今日第8次)
[2026-03-21T16:31:02.895Z] 启动论坛服务器...
[2026-03-21T16:31:02.992Z] 服务器退出，退出码: 1
[2026-03-21T16:31:02.992Z] 将在5秒后重启 (今日第4次)
[2026-03-21T16:31:04.252Z] 启动论坛服务器...
[2026-03-21T16:31:04.351Z] 服务器退出，退出码: 1
[2026-03-21T16:31:04.351Z] 将在5秒后重启 (今日第10次)
[2026-03-21T16:31:07.106Z] 启动论坛服务器...
[2026-03-21T16:31:07.210Z] 服务器退出，退出码: 1
[2026-03-21T16:31:07.211Z] 将在5秒后重启 (今日第9次)
[2026-03-21T16:31:07.995Z] 启动论坛服务器...
[2026-03-21T16:31:08.093Z] 服务器退出，退出码: 1
[2026-03-21T16:31:08.093Z] 将在5秒后重启 (今日第5次)
[2026-03-21T16:31:09.357Z] 启动论坛服务器...
[2026-03-21T16:31:09.454Z] 服务器退出，退出码: 1
[2026-03-21T16:31:09.455Z] 重启次数过多，暂停1小时
[2026-03-21T16:31:12.225Z] 启动论坛服务器...
[2026-03-21T16:31:12.333Z] 服务器退出，退出码: 1
[2026-03-21T16:31:12.333Z] 将在5秒后重启 (今日第10次)
[2026-03-21T16:31:13.101Z] 启动论坛服务器...
[2026-03-21T16:31:13.199Z] 服务器退出，退出码: 1
[2026-03-21T16:31:13.199Z] 将在5秒后重启 (今日第6次)
[2026-03-21T16:31:17.341Z] 启动论坛服务器...
[2026-03-21T16:31:17.442Z] 服务器退出，退出码: 1
[2026-03-21T16:31:17.442Z] 重启次数过多，暂停1小时
[2026-03-21T16:31:18.203Z] 启动论坛服务器...
[2026-03-21T16:31:18.298Z] 服务器退出，退出码: 1
[2026-03-21T16:31:18.298Z] 将在5秒后重启 (今日第7次)
[2026-03-21T16:31:23.308Z] 启动论坛服务器...
[2026-03-21T16:31:23.408Z] 服务器退出，退出码: 1
[2026-03-21T16:31:23.408Z] 将在5秒后重启 (今日第8次)
[2026-03-21T16:31:28.415Z] 启动论坛服务器...
[2026-03-21T16:31:28.512Z] 服务器退出，退出码: 1
[2026-03-21T16:31:28.512Z] 将在5秒后重启 (今日第9次)
[2026-03-21T16:31:33.525Z] 启动论坛服务器...
[2026-03-21T16:31:33.626Z] 服务器退出，退出码: 1
[2026-03-21T16:31:33.626Z] 将在5秒后重启 (今日第10次)
[2026-03-21T16:31:38.640Z] 启动论坛服务器...
[2026-03-21T16:31:38.738Z] 服务器退出，退出码: 1
[2026-03-21T16:31:38.738Z] 重启次数过多，暂停1小时
[2026-03-21T16:32:03.988Z] 健康检查失败，无法连接到服务器
[2026-03-21T16:32:57.606Z] 健康检查失败，无法连接到服务器
[2026-03-21T16:33:38.872Z] 启动论坛服务器...
[2026-03-21T16:33:38.969Z] 服务器退出，退出码: 1
[2026-03-21T16:33:38.969Z] 将在5秒后重启 (今日第1次)
[2026-03-21T16:33:43.980Z] 启动论坛服务器...
[2026-03-21T16:33:44.077Z] 服务器退出，退出码: 1
[2026-03-21T16:33:44.077Z] 将在5秒后重启 (今日第2次)
[2026-03-21T16:33:46.714Z] 健康检查失败，无法连接到服务器
[2026-03-21T16:33:49.080Z] 启动论坛服务器...
[2026-03-21T16:33:49.177Z] 服务器退出，退出码: 1
[2026-03-21T16:33:49.177Z] 将在5秒后重启 (今日第3次)
[2026-03-21T16:33:54.179Z] 启动论坛服务器...
[2026-03-21T16:33:54.278Z] 服务器退出，退出码: 1
[2026-03-21T16:33:54.278Z] 将在5秒后重启 (今日第4次)
[2026-03-21T16:33:59.293Z] 启动论坛服务器...
[2026-03-21T16:33:59.391Z] 服务器退出，退出码: 1
[2026-03-21T16:33:59.391Z] 将在5秒后重启 (今日第5次)
[2026-03-21T16:34:04.397Z] 启动论坛服务器...
[2026-03-21T16:34:04.497Z] 服务器退出，退出码: 1
[2026-03-21T16:34:04.497Z] 将在5秒后重启 (今日第6次)
[2026-03-21T16:34:09.504Z] 启动论坛服务器...
[2026-03-21T16:34:09.602Z] 服务器退出，退出码: 1
[2026-03-21T16:34:09.602Z] 将在5秒后重启 (今日第7次)
[2026-03-21T16:34:14.614Z] 启动论坛服务器...
[2026-03-21T16:34:14.714Z] 服务器退出，退出码: 1
[2026-03-21T16:34:14.714Z] 将在5秒后重启 (今日第8次)
[2026-03-21T16:34:19.726Z] 启动论坛服务器...
[2026-03-21T16:34:19.823Z] 服务器退出，退出码: 1
[2026-03-21T16:34:19.823Z] 将在5秒后重启 (今日第9次)
[2026-03-21T16:34:24.826Z] 启动论坛服务器...
[2026-03-21T16:34:24.923Z] 服务器退出，退出码: 1
[2026-03-21T16:34:24.923Z] 将在5秒后重启 (今日第10次)
[2026-03-21T16:34:29.926Z] 启动论坛服务器...
[2026-03-21T16:34:30.022Z] 服务器退出，退出码: 1
[2026-03-21T16:34:30.023Z] 重启次数过多，暂停1小时
[2026-03-21T16:34:49.003Z] 健康检查失败，无法连接到服务器
[2026-03-21T16:37:03.987Z] 健康检查失败，无法连接到服务器
[2026-03-21T16:37:57.611Z] 健康检查失败，无法连接到服务器
[2026-03-21T16:38:46.716Z] 健康检查失败，无法连接到服务器
[2026-03-21T16:39:49.012Z] 健康检查失败，无法连接到服务器
[2026-03-21T16:42:03.990Z] 健康检查失败，无法连接到服务器
[2026-03-21T16:42:57.619Z] 健康检查失败，无法连接到服务器
[2026-03-21T16:43:46.713Z] 健康检查失败，无法连接到服务器
[2026-03-21T16:44:49.020Z] 健康检查失败，无法连接到服务器
[2026-03-21T16:47:03.993Z] 健康检查失败，无法连接到服务器
[2026-03-21T16:47:57.626Z] 健康检查失败，无法连接到服务器
[2026-03-21T16:48:46.720Z] 健康检查失败，无法连接到服务器
[2026-03-21T16:49:49.020Z] 健康检查失败，无法连接到服务器
[2026-03-21T16:52:03.993Z] 健康检查失败，无法连接到服务器
[2026-03-21T16:52:57.626Z] 健康检查失败，无法连接到服务器
[2026-03-21T16:53:46.726Z] 健康检查失败，无法连接到服务器
[2026-03-21T16:54:49.029Z] 健康检查失败，无法连接到服务器
[2026-03-21T16:57:03.998Z] 健康检查失败，无法连接到服务器
[2026-03-21T16:57:57.635Z] 健康检查失败，无法连接到服务器
[2026-03-21T16:58:46.726Z] 健康检查失败，无法连接到服务器
[2026-03-21T16:59:49.035Z] 健康检查失败，无法连接到服务器
[2026-03-21T17:02:03.997Z] 健康检查失败，无法连接到服务器
[2026-03-21T17:02:57.642Z] 健康检查失败，无法连接到服务器
[2026-03-21T17:03:46.737Z] 健康检查失败，无法连接到服务器
[2026-03-21T17:04:49.042Z] 健康检查失败，无法连接到服务器
[2026-03-21T17:07:03.997Z] 健康检查失败，无法连接到服务器
[2026-03-21T17:07:57.638Z] 健康检查失败，无法连接到服务器
[2026-03-21T17:08:46.746Z] 健康检查失败，无法连接到服务器
[2026-03-21T17:09:49.053Z] 健康检查失败，无法连接到服务器
[2026-03-21T17:12:04.003Z] 健康检查失败，无法连接到服务器
[2026-03-21T17:12:57.640Z] 健康检查失败，无法连接到服务器
[2026-03-21T17:13:46.749Z] 健康检查失败，无法连接到服务器
[2026-03-21T17:14:49.061Z] 健康检查失败，无法连接到服务器
[2026-03-21T17:17:04.001Z] 健康检查失败，无法连接到服务器
[2026-03-21T17:17:57.640Z] 健康检查失败，无法连接到服务器
[2026-03-21T17:18:46.752Z] 健康检查失败，无法连接到服务器
[2026-03-21T17:19:49.064Z] 健康检查失败，无法连接到服务器
[2026-03-21T17:22:04.010Z] 健康检查失败，无法连接到服务器
[2026-03-21T17:22:57.650Z] 健康检查失败，无法连接到服务器
[2026-03-21T17:23:46.763Z] 健康检查失败，无法连接到服务器
[2026-03-21T17:24:49.070Z] 健康检查失败，无法连接到服务器
[2026-03-21T17:27:04.007Z] 健康检查失败，无法连接到服务器
[2026-03-21T17:27:57.651Z] 健康检查失败，无法连接到服务器
[2026-03-21T17:28:46.774Z] 健康检查失败，无法连接到服务器
[2026-03-21T17:29:49.071Z] 健康检查失败，无法连接到服务器
[2026-03-21T17:31:09.426Z] 启动论坛服务器...
[2026-03-21T17:31:09.524Z] 服务器退出，退出码: 1
[2026-03-21T17:31:09.524Z] 将在5秒后重启 (今日第1次)
[2026-03-21T17:31:14.539Z] 启动论坛服务器...
[2026-03-21T17:31:14.640Z] 服务器退出，退出码: 1
[2026-03-21T17:31:14.640Z] 将在5秒后重启 (今日第2次)
[2026-03-21T17:31:17.400Z] 启动论坛服务器...
[2026-03-21T17:31:17.501Z] 服务器退出，退出码: 1
[2026-03-21T17:31:17.501Z] 将在5秒后重启 (今日第1次)
[2026-03-21T17:31:19.649Z] 启动论坛服务器...
[2026-03-21T17:31:19.747Z] 服务器退出，退出码: 1
[2026-03-21T17:31:19.747Z] 将在5秒后重启 (今日第3次)
[2026-03-21T17:31:22.516Z] 启动论坛服务器...
[2026-03-21T17:31:22.613Z] 服务器退出，退出码: 1
[2026-03-21T17:31:22.613Z] 将在5秒后重启 (今日第2次)
[2026-03-21T17:31:24.750Z] 启动论坛服务器...
[2026-03-21T17:31:24.849Z] 服务器退出，退出码: 1
[2026-03-21T17:31:24.849Z] 将在5秒后重启 (今日第4次)
[2026-03-21T17:31:27.621Z] 启动论坛服务器...
[2026-03-21T17:31:27.719Z] 服务器退出，退出码: 1
[2026-03-21T17:31:27.719Z] 将在5秒后重启 (今日第3次)
[2026-03-21T17:31:29.855Z] 启动论坛服务器...
[2026-03-21T17:31:29.953Z] 服务器退出，退出码: 1
[2026-03-21T17:31:29.954Z] 将在5秒后重启 (今日第5次)
[2026-03-21T17:31:32.724Z] 启动论坛服务器...
[2026-03-21T17:31:32.825Z] 服务器退出，退出码: 1
[2026-03-21T17:31:32.825Z] 将在5秒后重启 (今日第4次)
[2026-03-21T17:31:34.963Z] 启动论坛服务器...
[2026-03-21T17:31:35.060Z] 服务器退出，退出码: 1
[2026-03-21T17:31:35.060Z] 将在5秒后重启 (今日第6次)
[2026-03-21T17:31:37.836Z] 启动论坛服务器...
[2026-03-21T17:31:37.934Z] 服务器退出，退出码: 1
[2026-03-21T17:31:37.935Z] 将在5秒后重启 (今日第5次)
[2026-03-21T17:31:38.710Z] 启动论坛服务器...
[2026-03-21T17:31:38.807Z] 服务器退出，退出码: 1
[2026-03-21T17:31:38.807Z] 将在5秒后重启 (今日第1次)
[2026-03-21T17:31:40.070Z] 启动论坛服务器...
[2026-03-21T17:31:40.168Z] 服务器退出，退出码: 1
[2026-03-21T17:31:40.169Z] 将在5秒后重启 (今日第7次)
[2026-03-21T17:31:42.937Z] 启动论坛服务器...
[2026-03-21T17:31:43.038Z] 服务器退出，退出码: 1
[2026-03-21T17:31:43.038Z] 将在5秒后重启 (今日第6次)
[2026-03-21T17:31:43.809Z] 启动论坛服务器...
[2026-03-21T17:31:43.909Z] 服务器退出，退出码: 1
[2026-03-21T17:31:43.909Z] 将在5秒后重启 (今日第2次)
[2026-03-21T17:31:45.175Z] 启动论坛服务器...
[2026-03-21T17:31:45.271Z] 服务器退出，退出码: 1
[2026-03-21T17:31:45.271Z] 将在5秒后重启 (今日第8次)
[2026-03-21T17:31:48.043Z] 启动论坛服务器...
[2026-03-21T17:31:48.141Z] 服务器退出，退出码: 1
[2026-03-21T17:31:48.141Z] 将在5秒后重启 (今日第7次)
[2026-03-21T17:31:48.918Z] 启动论坛服务器...
[2026-03-21T17:31:49.015Z] 服务器退出，退出码: 1
[2026-03-21T17:31:49.015Z] 将在5秒后重启 (今日第3次)
[2026-03-21T17:31:50.274Z] 启动论坛服务器...
[2026-03-21T17:31:50.371Z] 服务器退出，退出码: 1
[2026-03-21T17:31:50.372Z] 将在5秒后重启 (今日第9次)
[2026-03-21T17:31:53.146Z] 启动论坛服务器...
[2026-03-21T17:31:53.243Z] 服务器退出，退出码: 1
[2026-03-21T17:31:53.243Z] 将在5秒后重启 (今日第8次)
[2026-03-21T17:31:54.020Z] 启动论坛服务器...
[2026-03-21T17:31:54.118Z] 服务器退出，退出码: 1
[2026-03-21T17:31:54.119Z] 将在5秒后重启 (今日第4次)
[2026-03-21T17:31:55.377Z] 启动论坛服务器...
[2026-03-21T17:31:55.476Z] 服务器退出，退出码: 1
[2026-03-21T17:31:55.477Z] 将在5秒后重启 (今日第10次)
[2026-03-21T17:31:58.257Z] 启动论坛服务器...
[2026-03-21T17:31:58.353Z] 服务器退出，退出码: 1
[2026-03-21T17:31:58.353Z] 将在5秒后重启 (今日第9次)
[2026-03-21T17:31:59.130Z] 启动论坛服务器...
[2026-03-21T17:31:59.228Z] 服务器退出，退出码: 1
[2026-03-21T17:31:59.229Z] 将在5秒后重启 (今日第5次)
[2026-03-21T17:32:00.491Z] 启动论坛服务器...
[2026-03-21T17:32:00.590Z] 服务器退出，退出码: 1
[2026-03-21T17:32:00.591Z] 重启次数过多，暂停1小时
[2026-03-21T17:32:03.356Z] 启动论坛服务器...
[2026-03-21T17:32:03.454Z] 服务器退出，退出码: 1
[2026-03-21T17:32:03.454Z] 将在5秒后重启 (今日第10次)
[2026-03-21T17:32:04.009Z] 健康检查失败，无法连接到服务器
[2026-03-21T17:32:04.235Z] 启动论坛服务器...
[2026-03-21T17:32:04.331Z] 服务器退出，退出码: 1
[2026-03-21T17:32:04.331Z] 将在5秒后重启 (今日第6次)
[2026-03-21T17:32:08.458Z] 启动论坛服务器...
[2026-03-21T17:32:08.557Z] 服务器退出，退出码: 1
[2026-03-21T17:32:08.557Z] 重启次数过多，暂停1小时
[2026-03-21T17:32:09.334Z] 启动论坛服务器...
[2026-03-21T17:32:09.435Z] 服务器退出，退出码: 1
[2026-03-21T17:32:09.435Z] 将在5秒后重启 (今日第7次)
[2026-03-21T17:32:14.438Z] 启动论坛服务器...
[2026-03-21T17:32:14.535Z] 服务器退出，退出码: 1
[2026-03-21T17:32:14.536Z] 将在5秒后重启 (今日第8次)
[2026-03-21T17:32:19.549Z] 启动论坛服务器...
[2026-03-21T17:32:19.647Z] 服务器退出，退出码: 1
[2026-03-21T17:32:19.647Z] 将在5秒后重启 (今日第9次)
[2026-03-21T17:32:24.655Z] 启动论坛服务器...
[2026-03-21T17:32:24.773Z] 服务器退出，退出码: 1
[2026-03-21T17:32:24.774Z] 将在5秒后重启 (今日第10次)
[2026-03-21T17:32:29.788Z] 启动论坛服务器...
[2026-03-21T17:32:29.884Z] 服务器退出，退出码: 1
[2026-03-21T17:32:29.885Z] 重启次数过多，暂停1小时
[2026-03-21T17:32:57.659Z] 健康检查失败，无法连接到服务器
[2026-03-21T17:33:46.775Z] 健康检查失败，无法连接到服务器
[2026-03-21T17:34:29.995Z] 启动论坛服务器...
[2026-03-21T17:34:30.093Z] 服务器退出，退出码: 1
[2026-03-21T17:34:30.093Z] 将在5秒后重启 (今日第1次)
[2026-03-21T17:34:35.102Z] 启动论坛服务器...
[2026-03-21T17:34:35.208Z] 服务器退出，退出码: 1
[2026-03-21T17:34:35.208Z] 将在5秒后重启 (今日第2次)
[2026-03-21T17:34:40.212Z] 启动论坛服务器...
[2026-03-21T17:34:40.310Z] 服务器退出，退出码: 1
[2026-03-21T17:34:40.311Z] 将在5秒后重启 (今日第3次)
[2026-03-21T17:34:45.312Z] 启动论坛服务器...
[2026-03-21T17:34:45.407Z] 服务器退出，退出码: 1
[2026-03-21T17:34:45.408Z] 将在5秒后重启 (今日第4次)
[2026-03-21T17:34:49.075Z] 健康检查失败，无法连接到服务器
[2026-03-21T17:34:50.415Z] 启动论坛服务器...
[2026-03-21T17:34:50.513Z] 服务器退出，退出码: 1
[2026-03-21T17:34:50.513Z] 将在5秒后重启 (今日第5次)
[2026-03-21T17:34:55.523Z] 启动论坛服务器...
[2026-03-21T17:34:55.622Z] 服务器退出，退出码: 1
[2026-03-21T17:34:55.622Z] 将在5秒后重启 (今日第6次)
[2026-03-21T17:35:00.625Z] 启动论坛服务器...
[2026-03-21T17:35:00.723Z] 服务器退出，退出码: 1
[2026-03-21T17:35:00.724Z] 将在5秒后重启 (今日第7次)
[2026-03-21T17:35:05.731Z] 启动论坛服务器...
[2026-03-21T17:35:05.830Z] 服务器退出，退出码: 1
[2026-03-21T17:35:05.830Z] 将在5秒后重启 (今日第8次)
[2026-03-21T17:35:10.845Z] 启动论坛服务器...
[2026-03-21T17:35:10.944Z] 服务器退出，退出码: 1
[2026-03-21T17:35:10.944Z] 将在5秒后重启 (今日第9次)
[2026-03-21T17:35:15.948Z] 启动论坛服务器...
[2026-03-21T17:35:16.047Z] 服务器退出，退出码: 1
[2026-03-21T17:35:16.048Z] 将在5秒后重启 (今日第10次)
[2026-03-21T17:35:21.049Z] 启动论坛服务器...
[2026-03-21T17:35:21.147Z] 服务器退出，退出码: 1
[2026-03-21T17:35:21.147Z] 重启次数过多，暂停1小时
[2026-03-21T17:37:04.007Z] 健康检查失败，无法连接到服务器
[2026-03-21T17:37:57.658Z] 健康检查失败，无法连接到服务器
[2026-03-21T17:38:46.782Z] 健康检查失败，无法连接到服务器
[2026-03-21T17:39:49.086Z] 健康检查失败，无法连接到服务器
[2026-03-21T17:42:04.019Z] 健康检查失败，无法连接到服务器
[2026-03-21T17:42:57.662Z] 健康检查失败，无法连接到服务器
[2026-03-21T17:43:46.788Z] 健康检查失败，无法连接到服务器
[2026-03-21T17:44:49.086Z] 健康检查失败，无法连接到服务器
[2026-03-21T17:47:04.020Z] 健康检查失败，无法连接到服务器
[2026-03-21T17:47:57.669Z] 健康检查失败，无法连接到服务器
[2026-03-21T17:48:46.786Z] 健康检查失败，无法连接到服务器
[2026-03-21T17:49:49.092Z] 健康检查失败，无法连接到服务器
[2026-03-21T17:52:04.018Z] 健康检查失败，无法连接到服务器
[2026-03-21T17:52:57.679Z] 健康检查失败，无法连接到服务器
[2026-03-21T17:53:46.783Z] 健康检查失败，无法连接到服务器
[2026-03-21T17:54:49.097Z] 健康检查失败，无法连接到服务器
[2026-03-21T17:57:04.023Z] 健康检查失败，无法连接到服务器
[2026-03-21T17:57:57.676Z] 健康检查失败，无法连接到服务器
[2026-03-21T17:58:46.793Z] 健康检查失败，无法连接到服务器
[2026-03-21T17:59:49.106Z] 健康检查失败，无法连接到服务器
[2026-03-21T18:02:04.025Z] 健康检查失败，无法连接到服务器
[2026-03-21T18:02:57.679Z] 健康检查失败，无法连接到服务器
[2026-03-21T18:03:46.800Z] 健康检查失败，无法连接到服务器
[2026-03-21T18:04:49.108Z] 健康检查失败，无法连接到服务器
[2026-03-21T18:07:04.035Z] 健康检查失败，无法连接到服务器
[2026-03-21T18:07:57.677Z] 健康检查失败，无法连接到服务器
[2026-03-21T18:08:46.806Z] 健康检查失败，无法连接到服务器
[2026-03-21T18:09:49.107Z] 健康检查失败，无法连接到服务器
[2026-03-21T18:12:04.045Z] 健康检查失败，无法连接到服务器
[2026-03-21T18:12:57.685Z] 健康检查失败，无法连接到服务器
[2026-03-21T18:13:46.813Z] 健康检查失败，无法连接到服务器
[2026-03-21T18:14:49.108Z] 健康检查失败，无法连接到服务器
[2026-03-21T18:17:04.048Z] 健康检查失败，无法连接到服务器
[2026-03-21T18:17:57.693Z] 健康检查失败，无法连接到服务器
[2026-03-21T18:18:46.814Z] 健康检查失败，无法连接到服务器
[2026-03-21T18:19:49.112Z] 健康检查失败，无法连接到服务器
[2026-03-21T18:22:04.045Z] 健康检查失败，无法连接到服务器
[2026-03-21T18:22:57.694Z] 健康检查失败，无法连接到服务器
[2026-03-21T18:23:46.817Z] 健康检查失败，无法连接到服务器
[2026-03-21T18:24:49.112Z] 健康检查失败，无法连接到服务器
[2026-03-21T18:27:04.052Z] 健康检查失败，无法连接到服务器
[2026-03-21T18:27:57.696Z] 健康检查失败，无法连接到服务器
[2026-03-21T18:28:46.822Z] 健康检查失败，无法连接到服务器
[2026-03-21T18:29:49.111Z] 健康检查失败，无法连接到服务器
[2026-03-21T18:32:00.559Z] 启动论坛服务器...
[2026-03-21T18:32:01.730Z] 服务器退出，退出码: 1
[2026-03-21T18:32:01.731Z] 将在5秒后重启 (今日第1次)
[2026-03-21T18:32:04.058Z] 健康检查失败，无法连接到服务器
[2026-03-21T18:32:06.732Z] 启动论坛服务器...
[2026-03-21T18:32:06.831Z] 服务器退出，退出码: 1
[2026-03-21T18:32:06.832Z] 将在5秒后重启 (今日第2次)
[2026-03-21T18:32:08.526Z] 启动论坛服务器...
[2026-03-21T18:32:08.624Z] 服务器退出，退出码: 1
[2026-03-21T18:32:08.624Z] 将在5秒后重启 (今日第1次)
[2026-03-21T18:32:11.845Z] 启动论坛服务器...
[2026-03-21T18:32:11.943Z] 服务器退出，退出码: 1
[2026-03-21T18:32:11.944Z] 将在5秒后重启 (今日第3次)
[2026-03-21T18:32:13.638Z] 启动论坛服务器...
[2026-03-21T18:32:13.739Z] 服务器退出，退出码: 1
[2026-03-21T18:32:13.739Z] 将在5秒后重启 (今日第2次)
[2026-03-21T18:32:16.959Z] 启动论坛服务器...
[2026-03-21T18:32:17.062Z] 服务器退出，退出码: 1
[2026-03-21T18:32:17.062Z] 将在5秒后重启 (今日第4次)
[2026-03-21T18:32:18.754Z] 启动论坛服务器...
[2026-03-21T18:32:18.853Z] 服务器退出，退出码: 1
[2026-03-21T18:32:18.854Z] 将在5秒后重启 (今日第3次)
[2026-03-21T18:32:22.066Z] 启动论坛服务器...
[2026-03-21T18:32:22.193Z] 服务器退出，退出码: 1
[2026-03-21T18:32:22.193Z] 将在5秒后重启 (今日第5次)
[2026-03-21T18:32:23.860Z] 启动论坛服务器...
[2026-03-21T18:32:23.959Z] 服务器退出，退出码: 1
[2026-03-21T18:32:23.959Z] 将在5秒后重启 (今日第4次)
[2026-03-21T18:32:27.197Z] 启动论坛服务器...
[2026-03-21T18:32:27.302Z] 服务器退出，退出码: 1
[2026-03-21T18:32:27.303Z] 将在5秒后重启 (今日第6次)
[2026-03-21T18:32:28.968Z] 启动论坛服务器...
[2026-03-21T18:32:29.064Z] 服务器退出，退出码: 1
[2026-03-21T18:32:29.064Z] 将在5秒后重启 (今日第5次)
[2026-03-21T18:32:29.843Z] 启动论坛服务器...
[2026-03-21T18:32:29.940Z] 服务器退出，退出码: 1
[2026-03-21T18:32:29.941Z] 将在5秒后重启 (今日第1次)
[2026-03-21T18:32:32.313Z] 启动论坛服务器...
[2026-03-21T18:32:32.413Z] 服务器退出，退出码: 1
[2026-03-21T18:32:32.413Z] 将在5秒后重启 (今日第7次)
[2026-03-21T18:32:34.078Z] 启动论坛服务器...
[2026-03-21T18:32:34.181Z] 服务器退出，退出码: 1
[2026-03-21T18:32:34.182Z] 将在5秒后重启 (今日第6次)
[2026-03-21T18:32:34.952Z] 启动论坛服务器...
[2026-03-21T18:32:35.051Z] 服务器退出，退出码: 1
[2026-03-21T18:32:35.052Z] 将在5秒后重启 (今日第2次)
[2026-03-21T18:32:37.417Z] 启动论坛服务器...
[2026-03-21T18:32:37.518Z] 服务器退出，退出码: 1
[2026-03-21T18:32:37.519Z] 将在5秒后重启 (今日第8次)
[2026-03-21T18:32:39.196Z] 启动论坛服务器...
[2026-03-21T18:32:39.293Z] 服务器退出，退出码: 1
[2026-03-21T18:32:39.293Z] 将在5秒后重启 (今日第7次)
[2026-03-21T18:32:40.054Z] 启动论坛服务器...
[2026-03-21T18:32:40.152Z] 服务器退出，退出码: 1
[2026-03-21T18:32:40.152Z] 将在5秒后重启 (今日第3次)
[2026-03-21T18:32:42.533Z] 启动论坛服务器...
[2026-03-21T18:32:42.631Z] 服务器退出，退出码: 1
[2026-03-21T18:32:42.632Z] 将在5秒后重启 (今日第9次)
[2026-03-21T18:32:44.294Z] 启动论坛服务器...
[2026-03-21T18:32:44.391Z] 服务器退出，退出码: 1
[2026-03-21T18:32:44.391Z] 将在5秒后重启 (今日第8次)
[2026-03-21T18:32:45.167Z] 启动论坛服务器...
[2026-03-21T18:32:45.265Z] 服务器退出，退出码: 1
[2026-03-21T18:32:45.265Z] 将在5秒后重启 (今日第4次)
[2026-03-21T18:32:47.639Z] 启动论坛服务器...
[2026-03-21T18:32:47.737Z] 服务器退出，退出码: 1
[2026-03-21T18:32:47.737Z] 将在5秒后重启 (今日第10次)
[2026-03-21T18:32:49.399Z] 启动论坛服务器...
[2026-03-21T18:32:49.495Z] 服务器退出，退出码: 1
[2026-03-21T18:32:49.496Z] 将在5秒后重启 (今日第9次)
[2026-03-21T18:32:50.271Z] 启动论坛服务器...
[2026-03-21T18:32:50.371Z] 服务器退出，退出码: 1
[2026-03-21T18:32:50.372Z] 将在5秒后重启 (今日第5次)
[2026-03-21T18:32:52.747Z] 启动论坛服务器...
[2026-03-21T18:32:52.845Z] 服务器退出，退出码: 1
[2026-03-21T18:32:52.845Z] 重启次数过多，暂停1小时
[2026-03-21T18:32:54.510Z] 启动论坛服务器...
[2026-03-21T18:32:54.610Z] 服务器退出，退出码: 1
[2026-03-21T18:32:54.610Z] 将在5秒后重启 (今日第10次)
[2026-03-21T18:32:55.384Z] 启动论坛服务器...
[2026-03-21T18:32:55.483Z] 服务器退出，退出码: 1
[2026-03-21T18:32:55.483Z] 将在5秒后重启 (今日第6次)
[2026-03-21T18:32:57.706Z] 健康检查失败，无法连接到服务器
[2026-03-21T18:32:59.614Z] 启动论坛服务器...
[2026-03-21T18:32:59.721Z] 服务器退出，退出码: 1
[2026-03-21T18:32:59.722Z] 重启次数过多，暂停1小时
[2026-03-21T18:33:00.487Z] 启动论坛服务器...
[2026-03-21T18:33:00.586Z] 服务器退出，退出码: 1
[2026-03-21T18:33:00.586Z] 将在5秒后重启 (今日第7次)
[2026-03-21T18:33:05.590Z] 启动论坛服务器...
[2026-03-21T18:33:05.692Z] 服务器退出，退出码: 1
[2026-03-21T18:33:05.693Z] 将在5秒后重启 (今日第8次)
[2026-03-21T18:33:10.700Z] 启动论坛服务器...
[2026-03-21T18:33:10.804Z] 服务器退出，退出码: 1
[2026-03-21T18:33:10.804Z] 将在5秒后重启 (今日第9次)
[2026-03-21T18:33:15.808Z] 启动论坛服务器...
[2026-03-21T18:33:15.910Z] 服务器退出，退出码: 1
[2026-03-21T18:33:15.910Z] 将在5秒后重启 (今日第10次)
[2026-03-21T18:33:20.912Z] 启动论坛服务器...
[2026-03-21T18:33:21.014Z] 服务器退出，退出码: 1
[2026-03-21T18:33:21.014Z] 重启次数过多，暂停1小时
[2026-03-21T18:33:46.828Z] 健康检查失败，无法连接到服务器
[2026-03-21T18:34:49.122Z] 健康检查失败，无法连接到服务器
[2026-03-21T18:35:21.108Z] 启动论坛服务器...
[2026-03-21T18:35:21.213Z] 服务器退出，退出码: 1
[2026-03-21T18:35:21.213Z] 将在5秒后重启 (今日第1次)
[2026-03-21T18:35:26.220Z] 启动论坛服务器...
[2026-03-21T18:35:26.319Z] 服务器退出，退出码: 1
[2026-03-21T18:35:26.320Z] 将在5秒后重启 (今日第2次)
[2026-03-21T18:35:31.326Z] 启动论坛服务器...
[2026-03-21T18:35:31.428Z] 服务器退出，退出码: 1
[2026-03-21T18:35:31.428Z] 将在5秒后重启 (今日第3次)
[2026-03-21T18:35:36.444Z] 启动论坛服务器...
[2026-03-21T18:35:36.543Z] 服务器退出，退出码: 1
[2026-03-21T18:35:36.543Z] 将在5秒后重启 (今日第4次)
[2026-03-21T18:35:41.545Z] 启动论坛服务器...
[2026-03-21T18:35:41.645Z] 服务器退出，退出码: 1
[2026-03-21T18:35:41.646Z] 将在5秒后重启 (今日第5次)
[2026-03-21T18:35:46.661Z] 启动论坛服务器...
[2026-03-21T18:35:46.764Z] 服务器退出，退出码: 1
[2026-03-21T18:35:46.765Z] 将在5秒后重启 (今日第6次)
[2026-03-21T18:35:51.770Z] 启动论坛服务器...
[2026-03-21T18:35:51.870Z] 服务器退出，退出码: 1
[2026-03-21T18:35:51.870Z] 将在5秒后重启 (今日第7次)
[2026-03-21T18:35:56.882Z] 启动论坛服务器...
[2026-03-21T18:35:56.981Z] 服务器退出，退出码: 1
[2026-03-21T18:35:56.981Z] 将在5秒后重启 (今日第8次)
[2026-03-21T18:36:01.998Z] 启动论坛服务器...
[2026-03-21T18:36:02.100Z] 服务器退出，退出码: 1
[2026-03-21T18:36:02.101Z] 将在5秒后重启 (今日第9次)
[2026-03-21T18:36:07.112Z] 启动论坛服务器...
[2026-03-21T18:36:07.216Z] 服务器退出，退出码: 1
[2026-03-21T18:36:07.216Z] 将在5秒后重启 (今日第10次)
[2026-03-21T18:36:12.223Z] 启动论坛服务器...
[2026-03-21T18:36:12.322Z] 服务器退出，退出码: 1
[2026-03-21T18:36:12.322Z] 重启次数过多，暂停1小时
[2026-03-21T18:37:04.063Z] 健康检查失败，无法连接到服务器
[2026-03-21T18:37:57.710Z] 健康检查失败，无法连接到服务器
[2026-03-21T18:38:46.836Z] 健康检查失败，无法连接到服务器
[2026-03-21T18:39:49.131Z] 健康检查失败，无法连接到服务器
[2026-03-21T18:42:04.072Z] 健康检查失败，无法连接到服务器
[2026-03-21T18:42:57.712Z] 健康检查失败，无法连接到服务器
[2026-03-21T18:43:46.845Z] 健康检查失败，无法连接到服务器
[2026-03-21T18:44:49.130Z] 健康检查失败，无法连接到服务器
[2026-03-21T18:47:04.077Z] 健康检查失败，无法连接到服务器
[2026-03-21T18:47:57.717Z] 健康检查失败，无法连接到服务器
[2026-03-21T18:48:46.848Z] 健康检查失败，无法连接到服务器
[2026-03-21T18:49:49.130Z] 健康检查失败，无法连接到服务器
[2026-03-21T18:52:04.077Z] 健康检查失败，无法连接到服务器
[2026-03-21T18:52:57.721Z] 健康检查失败，无法连接到服务器
[2026-03-21T18:53:46.856Z] 健康检查失败，无法连接到服务器
[2026-03-21T18:54:49.132Z] 健康检查失败，无法连接到服务器
[2026-03-21T18:57:04.084Z] 健康检查失败，无法连接到服务器
[2026-03-21T18:57:57.718Z] 健康检查失败，无法连接到服务器
[2026-03-21T18:58:46.855Z] 健康检查失败，无法连接到服务器
[2026-03-21T18:59:49.131Z] 健康检查失败，无法连接到服务器
[2026-03-21T19:02:04.085Z] 健康检查失败，无法连接到服务器
[2026-03-21T19:02:57.727Z] 健康检查失败，无法连接到服务器
[2026-03-21T19:03:46.862Z] 健康检查失败，无法连接到服务器
[2026-03-21T19:04:49.136Z] 健康检查失败，无法连接到服务器
[2026-03-21T19:07:04.087Z] 健康检查失败，无法连接到服务器
[2026-03-21T19:07:57.733Z] 健康检查失败，无法连接到服务器
[2026-03-21T19:08:46.859Z] 健康检查失败，无法连接到服务器
[2026-03-21T19:09:49.133Z] 健康检查失败，无法连接到服务器
[2026-03-21T19:12:04.089Z] 健康检查失败，无法连接到服务器
[2026-03-21T19:12:57.739Z] 健康检查失败，无法连接到服务器
[2026-03-21T19:13:46.865Z] 健康检查失败，无法连接到服务器
[2026-03-21T19:14:49.131Z] 健康检查失败，无法连接到服务器
[2026-03-21T19:17:04.087Z] 健康检查失败，无法连接到服务器
[2026-03-21T19:17:57.738Z] 健康检查失败，无法连接到服务器
[2026-03-21T19:18:46.873Z] 健康检查失败，无法连接到服务器
[2026-03-21T19:19:49.141Z] 健康检查失败，无法连接到服务器
[2026-03-21T19:22:04.090Z] 健康检查失败，无法连接到服务器
[2026-03-21T19:22:57.735Z] 健康检查失败，无法连接到服务器
[2026-03-21T19:23:46.867Z] 健康检查失败，无法连接到服务器
[2026-03-21T19:24:49.140Z] 健康检查失败，无法连接到服务器
[2026-03-21T19:27:04.097Z] 健康检查失败，无法连接到服务器
[2026-03-21T19:27:57.731Z] 健康检查失败，无法连接到服务器
[2026-03-21T19:28:46.862Z] 健康检查失败，无法连接到服务器
[2026-03-21T19:29:49.143Z] 健康检查失败，无法连接到服务器
[2026-03-21T19:32:04.093Z] 健康检查失败，无法连接到服务器
[2026-03-21T19:32:52.796Z] 启动论坛服务器...
[2026-03-21T19:32:52.896Z] 服务器退出，退出码: 1
[2026-03-21T19:32:52.896Z] 将在5秒后重启 (今日第1次)
[2026-03-21T19:32:57.728Z] 健康检查失败，无法连接到服务器
[2026-03-21T19:32:57.909Z] 启动论坛服务器...
[2026-03-21T19:32:58.007Z] 服务器退出，退出码: 1
[2026-03-21T19:32:58.007Z] 将在5秒后重启 (今日第2次)
[2026-03-21T19:32:59.672Z] 启动论坛服务器...
[2026-03-21T19:32:59.773Z] 服务器退出，退出码: 1
[2026-03-21T19:32:59.774Z] 将在5秒后重启 (今日第1次)
[2026-03-21T19:33:03.011Z] 启动论坛服务器...
[2026-03-21T19:33:03.107Z] 服务器退出，退出码: 1
[2026-03-21T19:33:03.108Z] 将在5秒后重启 (今日第3次)
[2026-03-21T19:33:04.782Z] 启动论坛服务器...
[2026-03-21T19:33:04.879Z] 服务器退出，退出码: 1
[2026-03-21T19:33:04.879Z] 将在5秒后重启 (今日第2次)
[2026-03-21T19:33:08.112Z] 启动论坛服务器...
[2026-03-21T19:33:08.212Z] 服务器退出，退出码: 1
[2026-03-21T19:33:08.212Z] 将在5秒后重启 (今日第4次)
[2026-03-21T19:33:09.892Z] 启动论坛服务器...
[2026-03-21T19:33:09.996Z] 服务器退出，退出码: 1
[2026-03-21T19:33:09.997Z] 将在5秒后重启 (今日第3次)
[2026-03-21T19:33:13.220Z] 启动论坛服务器...
[2026-03-21T19:33:13.319Z] 服务器退出，退出码: 1
[2026-03-21T19:33:13.319Z] 将在5秒后重启 (今日第5次)
[2026-03-21T19:33:15.001Z] 启动论坛服务器...
[2026-03-21T19:33:15.095Z] 服务器退出，退出码: 1
[2026-03-21T19:33:15.095Z] 将在5秒后重启 (今日第4次)
[2026-03-21T19:33:18.322Z] 启动论坛服务器...
[2026-03-21T19:33:18.421Z] 服务器退出，退出码: 1
[2026-03-21T19:33:18.421Z] 将在5秒后重启 (今日第6次)
[2026-03-21T19:33:20.106Z] 启动论坛服务器...
[2026-03-21T19:33:20.206Z] 服务器退出，退出码: 1
[2026-03-21T19:33:20.206Z] 将在5秒后重启 (今日第5次)
[2026-03-21T19:33:20.967Z] 启动论坛服务器...
[2026-03-21T19:33:21.069Z] 服务器退出，退出码: 1
[2026-03-21T19:33:21.069Z] 将在5秒后重启 (今日第1次)
[2026-03-21T19:33:23.432Z] 启动论坛服务器...
[2026-03-21T19:33:23.529Z] 服务器退出，退出码: 1
[2026-03-21T19:33:23.529Z] 将在5秒后重启 (今日第7次)
[2026-03-21T19:33:25.213Z] 启动论坛服务器...
[2026-03-21T19:33:25.314Z] 服务器退出，退出码: 1
[2026-03-21T19:33:25.314Z] 将在5秒后重启 (今日第6次)
[2026-03-21T19:33:26.070Z] 启动论坛服务器...
[2026-03-21T19:33:26.169Z] 服务器退出，退出码: 1
[2026-03-21T19:33:26.169Z] 将在5秒后重启 (今日第2次)
[2026-03-21T19:33:28.540Z] 启动论坛服务器...
[2026-03-21T19:33:28.660Z] 服务器退出，退出码: 1
[2026-03-21T19:33:28.661Z] 将在5秒后重启 (今日第8次)
[2026-03-21T19:33:30.319Z] 启动论坛服务器...
[2026-03-21T19:33:30.416Z] 服务器退出，退出码: 1
[2026-03-21T19:33:30.416Z] 将在5秒后重启 (今日第7次)
[2026-03-21T19:33:31.174Z] 启动论坛服务器...
[2026-03-21T19:33:31.270Z] 服务器退出，退出码: 1
[2026-03-21T19:33:31.270Z] 将在5秒后重启 (今日第3次)
[2026-03-21T19:33:33.676Z] 启动论坛服务器...
[2026-03-21T19:33:33.775Z] 服务器退出，退出码: 1
[2026-03-21T19:33:33.775Z] 将在5秒后重启 (今日第9次)
[2026-03-21T19:33:35.428Z] 启动论坛服务器...
[2026-03-21T19:33:35.525Z] 服务器退出，退出码: 1
[2026-03-21T19:33:35.526Z] 将在5秒后重启 (今日第8次)
[2026-03-21T19:33:36.271Z] 启动论坛服务器...
[2026-03-21T19:33:36.371Z] 服务器退出，退出码: 1
[2026-03-21T19:33:36.375Z] 将在5秒后重启 (今日第4次)
[2026-03-21T19:33:38.777Z] 启动论坛服务器...
[2026-03-21T19:33:38.880Z] 服务器退出，退出码: 1
[2026-03-21T19:33:38.880Z] 将在5秒后重启 (今日第10次)
[2026-03-21T19:33:40.526Z] 启动论坛服务器...
[2026-03-21T19:33:40.624Z] 服务器退出，退出码: 1
[2026-03-21T19:33:40.624Z] 将在5秒后重启 (今日第9次)
[2026-03-21T19:33:41.383Z] 启动论坛服务器...
[2026-03-21T19:33:41.482Z] 服务器退出，退出码: 1
[2026-03-21T19:33:41.482Z] 将在5秒后重启 (今日第5次)
[2026-03-21T19:33:43.895Z] 启动论坛服务器...
[2026-03-21T19:33:43.995Z] 服务器退出，退出码: 1
[2026-03-21T19:33:43.995Z] 重启次数过多，暂停1小时
[2026-03-21T19:33:45.627Z] 启动论坛服务器...
[2026-03-21T19:33:45.722Z] 服务器退出，退出码: 1
[2026-03-21T19:33:45.723Z] 将在5秒后重启 (今日第10次)
[2026-03-21T19:33:46.486Z] 启动论坛服务器...
[2026-03-21T19:33:46.585Z] 服务器退出，退出码: 1
[2026-03-21T19:33:46.585Z] 将在5秒后重启 (今日第6次)
[2026-03-21T19:33:46.862Z] 健康检查失败，无法连接到服务器
[2026-03-21T19:33:50.734Z] 启动论坛服务器...
[2026-03-21T19:33:50.833Z] 服务器退出，退出码: 1
[2026-03-21T19:33:50.833Z] 重启次数过多，暂停1小时
[2026-03-21T19:33:51.589Z] 启动论坛服务器...
[2026-03-21T19:33:51.688Z] 服务器退出，退出码: 1
[2026-03-21T19:33:51.688Z] 将在5秒后重启 (今日第7次)
[2026-03-21T19:33:56.693Z] 启动论坛服务器...
[2026-03-21T19:33:56.790Z] 服务器退出，退出码: 1
[2026-03-21T19:33:56.790Z] 将在5秒后重启 (今日第8次)
[2026-03-21T19:34:01.800Z] 启动论坛服务器...
[2026-03-21T19:34:01.895Z] 服务器退出，退出码: 1
[2026-03-21T19:34:01.895Z] 将在5秒后重启 (今日第9次)
[2026-03-21T19:34:06.905Z] 启动论坛服务器...
[2026-03-21T19:34:07.003Z] 服务器退出，退出码: 1
[2026-03-21T19:34:07.004Z] 将在5秒后重启 (今日第10次)
[2026-03-21T19:34:12.010Z] 启动论坛服务器...
[2026-03-21T19:34:12.107Z] 服务器退出，退出码: 1
[2026-03-21T19:34:12.108Z] 重启次数过多，暂停1小时
[2026-03-21T19:34:49.144Z] 健康检查失败，无法连接到服务器
[2026-03-21T19:36:12.268Z] 启动论坛服务器...
[2026-03-21T19:36:12.367Z] 服务器退出，退出码: 1
[2026-03-21T19:36:12.367Z] 将在5秒后重启 (今日第1次)
[2026-03-21T19:36:17.369Z] 启动论坛服务器...
[2026-03-21T19:36:17.470Z] 服务器退出，退出码: 1
[2026-03-21T19:36:17.470Z] 将在5秒后重启 (今日第2次)
[2026-03-21T19:36:22.476Z] 启动论坛服务器...
[2026-03-21T19:36:22.576Z] 服务器退出，退出码: 1
[2026-03-21T19:36:22.576Z] 将在5秒后重启 (今日第3次)
[2026-03-21T19:36:27.584Z] 启动论坛服务器...
[2026-03-21T19:36:27.683Z] 服务器退出，退出码: 1
[2026-03-21T19:36:27.683Z] 将在5秒后重启 (今日第4次)
[2026-03-21T19:36:32.685Z] 启动论坛服务器...
[2026-03-21T19:36:32.790Z] 服务器退出，退出码: 1
[2026-03-21T19:36:32.790Z] 将在5秒后重启 (今日第5次)
[2026-03-21T19:36:37.803Z] 启动论坛服务器...
[2026-03-21T19:36:37.901Z] 服务器退出，退出码: 1
[2026-03-21T19:36:37.902Z] 将在5秒后重启 (今日第6次)
[2026-03-21T19:36:42.917Z] 启动论坛服务器...
[2026-03-21T19:36:43.014Z] 服务器退出，退出码: 1
[2026-03-21T19:36:43.015Z] 将在5秒后重启 (今日第7次)
[2026-03-21T19:36:48.021Z] 启动论坛服务器...
[2026-03-21T19:36:48.119Z] 服务器退出，退出码: 1
[2026-03-21T19:36:48.119Z] 将在5秒后重启 (今日第8次)
[2026-03-21T19:36:53.128Z] 启动论坛服务器...
[2026-03-21T19:36:53.227Z] 服务器退出，退出码: 1
[2026-03-21T19:36:53.227Z] 将在5秒后重启 (今日第9次)
[2026-03-21T19:36:58.241Z] 启动论坛服务器...
[2026-03-21T19:36:58.345Z] 服务器退出，退出码: 1
[2026-03-21T19:36:58.345Z] 将在5秒后重启 (今日第10次)
[2026-03-21T19:37:03.361Z] 启动论坛服务器...
[2026-03-21T19:37:03.458Z] 服务器退出，退出码: 1
[2026-03-21T19:37:03.458Z] 重启次数过多，暂停1小时
[2026-03-21T19:37:04.086Z] 健康检查失败，无法连接到服务器
[2026-03-21T19:37:57.733Z] 健康检查失败，无法连接到服务器
[2026-03-21T19:38:46.861Z] 健康检查失败，无法连接到服务器
[2026-03-21T19:39:49.145Z] 健康检查失败，无法连接到服务器
[2026-03-21T19:42:04.087Z] 健康检查失败，无法连接到服务器
[2026-03-21T19:42:57.739Z] 健康检查失败，无法连接到服务器
[2026-03-21T19:43:46.852Z] 健康检查失败，无法连接到服务器
[2026-03-21T19:44:49.138Z] 健康检查失败，无法连接到服务器
[2026-03-21T19:47:04.082Z] 健康检查失败，无法连接到服务器
[2026-03-21T19:47:57.733Z] 健康检查失败，无法连接到服务器
[2026-03-21T19:48:46.859Z] 健康检查失败，无法连接到服务器
[2026-03-21T19:49:49.139Z] 健康检查失败，无法连接到服务器
[2026-03-21T19:52:04.075Z] 健康检查失败，无法连接到服务器
[2026-03-21T19:52:57.738Z] 健康检查失败，无法连接到服务器
[2026-03-21T19:53:46.864Z] 健康检查失败，无法连接到服务器
[2026-03-21T19:54:49.144Z] 健康检查失败，无法连接到服务器
[2026-03-21T19:57:04.080Z] 健康检查失败，无法连接到服务器
[2026-03-21T19:57:57.747Z] 健康检查失败，无法连接到服务器
[2026-03-21T19:58:46.860Z] 健康检查失败，无法连接到服务器
[2026-03-21T19:59:49.144Z] 健康检查失败，无法连接到服务器
[2026-03-21T20:02:04.085Z] 健康检查失败，无法连接到服务器
[2026-03-21T20:02:57.754Z] 健康检查失败，无法连接到服务器
[2026-03-21T20:03:46.863Z] 健康检查失败，无法连接到服务器
[2026-03-21T20:04:49.147Z] 健康检查失败，无法连接到服务器
[2026-03-21T20:07:04.091Z] 健康检查失败，无法连接到服务器
[2026-03-21T20:07:57.756Z] 健康检查失败，无法连接到服务器
[2026-03-21T20:08:46.869Z] 健康检查失败，无法连接到服务器
[2026-03-21T20:09:49.156Z] 健康检查失败，无法连接到服务器
[2026-03-21T20:12:04.091Z] 健康检查失败，无法连接到服务器
[2026-03-21T20:12:57.758Z] 健康检查失败，无法连接到服务器
[2026-03-21T20:13:46.871Z] 健康检查失败，无法连接到服务器
[2026-03-21T20:14:49.159Z] 健康检查失败，无法连接到服务器
[2026-03-21T20:17:04.096Z] 健康检查失败，无法连接到服务器
[2026-03-21T20:17:57.764Z] 健康检查失败，无法连接到服务器
[2026-03-21T20:18:46.874Z] 健康检查失败，无法连接到服务器
[2026-03-21T20:19:49.165Z] 健康检查失败，无法连接到服务器
[2026-03-21T20:22:04.101Z] 健康检查失败，无法连接到服务器
[2026-03-21T20:22:57.759Z] 健康检查失败，无法连接到服务器
[2026-03-21T20:23:46.878Z] 健康检查失败，无法连接到服务器
[2026-03-21T20:24:49.166Z] 健康检查失败，无法连接到服务器
[2026-03-21T20:27:04.100Z] 健康检查失败，无法连接到服务器
[2026-03-21T20:27:57.767Z] 健康检查失败，无法连接到服务器
[2026-03-21T20:28:46.874Z] 健康检查失败，无法连接到服务器
[2026-03-21T20:29:49.172Z] 健康检查失败，无法连接到服务器
[2026-03-21T20:32:04.108Z] 健康检查失败，无法连接到服务器
[2026-03-21T20:32:57.777Z] 健康检查失败，无法连接到服务器
[2026-03-21T20:33:43.932Z] 启动论坛服务器...
[2026-03-21T20:33:44.032Z] 服务器退出，退出码: 1
[2026-03-21T20:33:44.032Z] 将在5秒后重启 (今日第1次)
[2026-03-21T20:33:46.881Z] 健康检查失败，无法连接到服务器
[2026-03-21T20:33:49.033Z] 启动论坛服务器...
[2026-03-21T20:33:49.131Z] 服务器退出，退出码: 1
[2026-03-21T20:33:49.131Z] 将在5秒后重启 (今日第2次)
[2026-03-21T20:33:50.771Z] 启动论坛服务器...
[2026-03-21T20:33:50.870Z] 服务器退出，退出码: 1
[2026-03-21T20:33:50.871Z] 将在5秒后重启 (今日第1次)
[2026-03-21T20:33:54.146Z] 启动论坛服务器...
[2026-03-21T20:33:54.240Z] 服务器退出，退出码: 1
[2026-03-21T20:33:54.241Z] 将在5秒后重启 (今日第3次)
[2026-03-21T20:33:55.881Z] 启动论坛服务器...
[2026-03-21T20:33:55.979Z] 服务器退出，退出码: 1
[2026-03-21T20:33:55.979Z] 将在5秒后重启 (今日第2次)
[2026-03-21T20:33:59.253Z] 启动论坛服务器...
[2026-03-21T20:33:59.358Z] 服务器退出，退出码: 1
[2026-03-21T20:33:59.358Z] 将在5秒后重启 (今日第4次)
[2026-03-21T20:34:00.987Z] 启动论坛服务器...
[2026-03-21T20:34:01.116Z] 服务器退出，退出码: 1
[2026-03-21T20:34:01.116Z] 将在5秒后重启 (今日第3次)
[2026-03-21T20:34:04.362Z] 启动论坛服务器...
[2026-03-21T20:34:04.463Z] 服务器退出，退出码: 1
[2026-03-21T20:34:04.464Z] 将在5秒后重启 (今日第5次)
[2026-03-21T20:34:06.123Z] 启动论坛服务器...
[2026-03-21T20:34:06.219Z] 服务器退出，退出码: 1
[2026-03-21T20:34:06.219Z] 将在5秒后重启 (今日第4次)
[2026-03-21T20:34:09.466Z] 启动论坛服务器...
[2026-03-21T20:34:09.563Z] 服务器退出，退出码: 1
[2026-03-21T20:34:09.563Z] 将在5秒后重启 (今日第6次)
[2026-03-21T20:34:11.227Z] 启动论坛服务器...
[2026-03-21T20:34:11.327Z] 服务器退出，退出码: 1
[2026-03-21T20:34:11.328Z] 将在5秒后重启 (今日第5次)
[2026-03-21T20:34:12.043Z] 启动论坛服务器...
[2026-03-21T20:34:12.143Z] 服务器退出，退出码: 1
[2026-03-21T20:34:12.143Z] 将在5秒后重启 (今日第1次)
[2026-03-21T20:34:14.571Z] 启动论坛服务器...
[2026-03-21T20:34:14.670Z] 服务器退出，退出码: 1
[2026-03-21T20:34:14.670Z] 将在5秒后重启 (今日第7次)
[2026-03-21T20:34:16.329Z] 启动论坛服务器...
[2026-03-21T20:34:16.429Z] 服务器退出，退出码: 1
[2026-03-21T20:34:16.429Z] 将在5秒后重启 (今日第6次)
[2026-03-21T20:34:17.148Z] 启动论坛服务器...
[2026-03-21T20:34:17.244Z] 服务器退出，退出码: 1
[2026-03-21T20:34:17.244Z] 将在5秒后重启 (今日第2次)
[2026-03-21T20:34:19.679Z] 启动论坛服务器...
[2026-03-21T20:34:19.777Z] 服务器退出，退出码: 1
[2026-03-21T20:34:19.777Z] 将在5秒后重启 (今日第8次)
[2026-03-21T20:34:21.445Z] 启动论坛服务器...
[2026-03-21T20:34:21.542Z] 服务器退出，退出码: 1
[2026-03-21T20:34:21.542Z] 将在5秒后重启 (今日第7次)
[2026-03-21T20:34:22.259Z] 启动论坛服务器...
[2026-03-21T20:34:22.356Z] 服务器退出，退出码: 1
[2026-03-21T20:34:22.357Z] 将在5秒后重启 (今日第3次)
[2026-03-21T20:34:24.788Z] 启动论坛服务器...
[2026-03-21T20:34:24.888Z] 服务器退出，退出码: 1
[2026-03-21T20:34:24.888Z] 将在5秒后重启 (今日第9次)
[2026-03-21T20:34:26.551Z] 启动论坛服务器...
[2026-03-21T20:34:26.647Z] 服务器退出，退出码: 1
[2026-03-21T20:34:26.648Z] 将在5秒后重启 (今日第8次)
[2026-03-21T20:34:27.366Z] 启动论坛服务器...
[2026-03-21T20:34:27.461Z] 服务器退出，退出码: 1
[2026-03-21T20:34:27.461Z] 将在5秒后重启 (今日第4次)
[2026-03-21T20:34:29.899Z] 启动论坛服务器...
[2026-03-21T20:34:29.997Z] 服务器退出，退出码: 1
[2026-03-21T20:34:29.997Z] 将在5秒后重启 (今日第10次)
[2026-03-21T20:34:31.652Z] 启动论坛服务器...
[2026-03-21T20:34:31.750Z] 服务器退出，退出码: 1
[2026-03-21T20:34:31.750Z] 将在5秒后重启 (今日第9次)
[2026-03-21T20:34:32.468Z] 启动论坛服务器...
[2026-03-21T20:34:32.569Z] 服务器退出，退出码: 1
[2026-03-21T20:34:32.569Z] 将在5秒后重启 (今日第5次)
[2026-03-21T20:34:35.012Z] 启动论坛服务器...
[2026-03-21T20:34:35.110Z] 服务器退出，退出码: 1
[2026-03-21T20:34:35.110Z] 重启次数过多，暂停1小时
[2026-03-21T20:34:36.751Z] 启动论坛服务器...
[2026-03-21T20:34:36.849Z] 服务器退出，退出码: 1
[2026-03-21T20:34:36.850Z] 将在5秒后重启 (今日第10次)
[2026-03-21T20:34:37.581Z] 启动论坛服务器...
[2026-03-21T20:34:37.682Z] 服务器退出，退出码: 1
[2026-03-21T20:34:37.682Z] 将在5秒后重启 (今日第6次)
[2026-03-21T20:34:41.856Z] 启动论坛服务器...
[2026-03-21T20:34:41.952Z] 服务器退出，退出码: 1
[2026-03-21T20:34:41.952Z] 重启次数过多，暂停1小时
[2026-03-21T20:34:42.690Z] 启动论坛服务器...
[2026-03-21T20:34:42.790Z] 服务器退出，退出码: 1
[2026-03-21T20:34:42.790Z] 将在5秒后重启 (今日第7次)
[2026-03-21T20:34:47.791Z] 启动论坛服务器...
[2026-03-21T20:34:47.894Z] 服务器退出，退出码: 1
[2026-03-21T20:34:47.895Z] 将在5秒后重启 (今日第8次)
[2026-03-21T20:34:49.180Z] 健康检查失败，无法连接到服务器
[2026-03-21T20:34:52.896Z] 启动论坛服务器...
[2026-03-21T20:34:52.994Z] 服务器退出，退出码: 1
[2026-03-21T20:34:52.994Z] 将在5秒后重启 (今日第9次)
[2026-03-21T20:34:57.996Z] 启动论坛服务器...
[2026-03-21T20:34:58.099Z] 服务器退出，退出码: 1
[2026-03-21T20:34:58.100Z] 将在5秒后重启 (今日第10次)
[2026-03-21T20:35:03.112Z] 启动论坛服务器...
[2026-03-21T20:35:03.215Z] 服务器退出，退出码: 1
[2026-03-21T20:35:03.215Z] 重启次数过多，暂停1小时
[2026-03-21T20:37:03.391Z] 启动论坛服务器...
[2026-03-21T20:37:03.490Z] 服务器退出，退出码: 1
[2026-03-21T20:37:03.491Z] 将在5秒后重启 (今日第1次)
[2026-03-21T20:37:04.117Z] 健康检查失败，无法连接到服务器
[2026-03-21T20:37:08.506Z] 启动论坛服务器...
[2026-03-21T20:37:08.601Z] 服务器退出，退出码: 1
[2026-03-21T20:37:08.601Z] 将在5秒后重启 (今日第2次)
[2026-03-21T20:37:13.608Z] 启动论坛服务器...
[2026-03-21T20:37:13.707Z] 服务器退出，退出码: 1
[2026-03-21T20:37:13.707Z] 将在5秒后重启 (今日第3次)
[2026-03-21T20:37:18.719Z] 启动论坛服务器...
[2026-03-21T20:37:18.819Z] 服务器退出，退出码: 1
[2026-03-21T20:37:18.819Z] 将在5秒后重启 (今日第4次)
[2026-03-21T20:37:23.832Z] 启动论坛服务器...
[2026-03-21T20:37:23.931Z] 服务器退出，退出码: 1
[2026-03-21T20:37:23.931Z] 将在5秒后重启 (今日第5次)
[2026-03-21T20:37:28.943Z] 启动论坛服务器...
[2026-03-21T20:37:29.043Z] 服务器退出，退出码: 1
[2026-03-21T20:37:29.044Z] 将在5秒后重启 (今日第6次)
[2026-03-21T20:37:34.048Z] 启动论坛服务器...
[2026-03-21T20:37:34.153Z] 服务器退出，退出码: 1
[2026-03-21T20:37:34.153Z] 将在5秒后重启 (今日第7次)
[2026-03-21T20:37:39.155Z] 启动论坛服务器...
[2026-03-21T20:37:39.254Z] 服务器退出，退出码: 1
[2026-03-21T20:37:39.254Z] 将在5秒后重启 (今日第8次)
[2026-03-21T20:37:44.269Z] 启动论坛服务器...
[2026-03-21T20:37:44.365Z] 服务器退出，退出码: 1
[2026-03-21T20:37:44.366Z] 将在5秒后重启 (今日第9次)
[2026-03-21T20:37:49.378Z] 启动论坛服务器...
[2026-03-21T20:37:49.475Z] 服务器退出，退出码: 1
[2026-03-21T20:37:49.476Z] 将在5秒后重启 (今日第10次)
[2026-03-21T20:37:54.488Z] 启动论坛服务器...
[2026-03-21T20:37:54.586Z] 服务器退出，退出码: 1
[2026-03-21T20:37:54.587Z] 重启次数过多，暂停1小时
[2026-03-21T20:37:57.777Z] 健康检查失败，无法连接到服务器
[2026-03-21T20:38:46.886Z] 健康检查失败，无法连接到服务器
[2026-03-21T20:39:49.185Z] 健康检查失败，无法连接到服务器
[2026-03-21T20:42:04.122Z] 健康检查失败，无法连接到服务器
[2026-03-21T20:42:57.780Z] 健康检查失败，无法连接到服务器
[2026-03-21T20:43:46.889Z] 健康检查失败，无法连接到服务器
[2026-03-21T20:44:49.188Z] 健康检查失败，无法连接到服务器
[2026-03-21T20:47:04.122Z] 健康检查失败，无法连接到服务器
[2026-03-21T20:47:57.781Z] 健康检查失败，无法连接到服务器
[2026-03-21T20:48:46.893Z] 健康检查失败，无法连接到服务器
[2026-03-21T20:49:49.192Z] 健康检查失败，无法连接到服务器
[2026-03-21T20:52:04.132Z] 健康检查失败，无法连接到服务器
[2026-03-21T20:52:57.777Z] 健康检查失败，无法连接到服务器
[2026-03-21T20:53:46.894Z] 健康检查失败，无法连接到服务器
[2026-03-21T20:54:49.191Z] 健康检查失败，无法连接到服务器
[2026-03-21T20:57:04.131Z] 健康检查失败，无法连接到服务器
[2026-03-21T20:57:57.773Z] 健康检查失败，无法连接到服务器
[2026-03-21T20:58:46.902Z] 健康检查失败，无法连接到服务器
[2026-03-21T20:59:49.188Z] 健康检查失败，无法连接到服务器
[2026-03-21T21:02:04.136Z] 健康检查失败，无法连接到服务器
[2026-03-21T21:02:57.778Z] 健康检查失败，无法连接到服务器
[2026-03-21T21:03:46.907Z] 健康检查失败，无法连接到服务器
[2026-03-21T21:04:49.190Z] 健康检查失败，无法连接到服务器
[2026-03-21T21:07:04.139Z] 健康检查失败，无法连接到服务器
[2026-03-21T21:07:57.782Z] 健康检查失败，无法连接到服务器
[2026-03-21T21:08:46.912Z] 健康检查失败，无法连接到服务器
[2026-03-21T21:09:49.192Z] 健康检查失败，无法连接到服务器
[2026-03-21T21:12:04.137Z] 健康检查失败，无法连接到服务器
[2026-03-21T21:12:57.787Z] 健康检查失败，无法连接到服务器
[2026-03-21T21:13:46.918Z] 健康检查失败，无法连接到服务器
[2026-03-21T21:14:49.200Z] 健康检查失败，无法连接到服务器
[2026-03-21T21:17:04.140Z] 健康检查失败，无法连接到服务器
[2026-03-21T21:17:57.786Z] 健康检查失败，无法连接到服务器
[2026-03-21T21:18:46.916Z] 健康检查失败，无法连接到服务器
[2026-03-21T21:19:49.202Z] 健康检查失败，无法连接到服务器
[2026-03-21T21:22:04.150Z] 健康检查失败，无法连接到服务器
[2026-03-21T21:22:57.792Z] 健康检查失败，无法连接到服务器
[2026-03-21T21:23:46.925Z] 健康检查失败，无法连接到服务器
[2026-03-21T21:24:49.210Z] 健康检查失败，无法连接到服务器
[2026-03-21T21:27:04.152Z] 健康检查失败，无法连接到服务器
[2026-03-21T21:27:57.800Z] 健康检查失败，无法连接到服务器
[2026-03-21T21:28:46.922Z] 健康检查失败，无法连接到服务器
[2026-03-21T21:29:49.215Z] 健康检查失败，无法连接到服务器
[2026-03-21T21:32:04.150Z] 健康检查失败，无法连接到服务器
[2026-03-21T21:32:57.805Z] 健康检查失败，无法连接到服务器
[2026-03-21T21:33:46.928Z] 健康检查失败，无法连接到服务器
[2026-03-21T21:34:35.066Z] 启动论坛服务器...
[2026-03-21T21:34:35.167Z] 服务器退出，退出码: 1
[2026-03-21T21:34:35.168Z] 将在5秒后重启 (今日第1次)
[2026-03-21T21:34:40.169Z] 启动论坛服务器...
[2026-03-21T21:34:40.271Z] 服务器退出，退出码: 1
[2026-03-21T21:34:40.272Z] 将在5秒后重启 (今日第2次)
[2026-03-21T21:34:41.915Z] 启动论坛服务器...
[2026-03-21T21:34:42.014Z] 服务器退出，退出码: 1
[2026-03-21T21:34:42.014Z] 将在5秒后重启 (今日第1次)
[2026-03-21T21:34:45.274Z] 启动论坛服务器...
[2026-03-21T21:34:45.375Z] 服务器退出，退出码: 1
[2026-03-21T21:34:45.376Z] 将在5秒后重启 (今日第3次)
[2026-03-21T21:34:47.027Z] 启动论坛服务器...
[2026-03-21T21:34:47.124Z] 服务器退出，退出码: 1
[2026-03-21T21:34:47.125Z] 将在5秒后重启 (今日第2次)
[2026-03-21T21:34:49.215Z] 健康检查失败，无法连接到服务器
[2026-03-21T21:34:50.387Z] 启动论坛服务器...
[2026-03-21T21:34:50.481Z] 服务器退出，退出码: 1
[2026-03-21T21:34:50.482Z] 将在5秒后重启 (今日第4次)
[2026-03-21T21:34:52.139Z] 启动论坛服务器...
[2026-03-21T21:34:52.238Z] 服务器退出，退出码: 1
[2026-03-21T21:34:52.238Z] 将在5秒后重启 (今日第3次)
[2026-03-21T21:34:55.495Z] 启动论坛服务器...
[2026-03-21T21:34:55.593Z] 服务器退出，退出码: 1
[2026-03-21T21:34:55.593Z] 将在5秒后重启 (今日第5次)
[2026-03-21T21:34:57.244Z] 启动论坛服务器...
[2026-03-21T21:34:57.346Z] 服务器退出，退出码: 1
[2026-03-21T21:34:57.346Z] 将在5秒后重启 (今日第4次)
[2026-03-21T21:35:00.596Z] 启动论坛服务器...
[2026-03-21T21:35:00.698Z] 服务器退出，退出码: 1
[2026-03-21T21:35:00.698Z] 将在5秒后重启 (今日第6次)
[2026-03-21T21:35:02.357Z] 启动论坛服务器...
[2026-03-21T21:35:02.456Z] 服务器退出，退出码: 1
[2026-03-21T21:35:02.456Z] 将在5秒后重启 (今日第5次)
[2026-03-21T21:35:03.170Z] 启动论坛服务器...
[2026-03-21T21:35:03.268Z] 服务器退出，退出码: 1
[2026-03-21T21:35:03.269Z] 将在5秒后重启 (今日第1次)
[2026-03-21T21:35:05.703Z] 启动论坛服务器...
[2026-03-21T21:35:05.800Z] 服务器退出，退出码: 1
[2026-03-21T21:35:05.800Z] 将在5秒后重启 (今日第7次)
[2026-03-21T21:35:07.463Z] 启动论坛服务器...
[2026-03-21T21:35:07.560Z] 服务器退出，退出码: 1
[2026-03-21T21:35:07.560Z] 将在5秒后重启 (今日第6次)
[2026-03-21T21:35:08.277Z] 启动论坛服务器...
[2026-03-21T21:35:08.374Z] 服务器退出，退出码: 1
[2026-03-21T21:35:08.374Z] 将在5秒后重启 (今日第2次)
[2026-03-21T21:35:10.805Z] 启动论坛服务器...
[2026-03-21T21:35:10.904Z] 服务器退出，退出码: 1
[2026-03-21T21:35:10.904Z] 将在5秒后重启 (今日第8次)
[2026-03-21T21:35:12.573Z] 启动论坛服务器...
[2026-03-21T21:35:12.669Z] 服务器退出，退出码: 1
[2026-03-21T21:35:12.670Z] 将在5秒后重启 (今日第7次)
[2026-03-21T21:35:13.386Z] 启动论坛服务器...
[2026-03-21T21:35:13.486Z] 服务器退出，退出码: 1
[2026-03-21T21:35:13.486Z] 将在5秒后重启 (今日第3次)
[2026-03-21T21:35:15.918Z] 启动论坛服务器...
[2026-03-21T21:35:16.044Z] 服务器退出，退出码: 1
[2026-03-21T21:35:16.045Z] 将在5秒后重启 (今日第9次)
[2026-03-21T21:35:17.682Z] 启动论坛服务器...
[2026-03-21T21:35:17.777Z] 服务器退出，退出码: 1
[2026-03-21T21:35:17.777Z] 将在5秒后重启 (今日第8次)
[2026-03-21T21:35:18.497Z] 启动论坛服务器...
[2026-03-21T21:35:18.595Z] 服务器退出，退出码: 1
[2026-03-21T21:35:18.595Z] 将在5秒后重启 (今日第4次)
[2026-03-21T21:35:21.059Z] 启动论坛服务器...
[2026-03-21T21:35:21.157Z] 服务器退出，退出码: 1
[2026-03-21T21:35:21.157Z] 将在5秒后重启 (今日第10次)
[2026-03-21T21:35:22.782Z] 启动论坛服务器...
[2026-03-21T21:35:22.881Z] 服务器退出，退出码: 1
[2026-03-21T21:35:22.881Z] 将在5秒后重启 (今日第9次)
[2026-03-21T21:35:23.599Z] 启动论坛服务器...
[2026-03-21T21:35:23.698Z] 服务器退出，退出码: 1
[2026-03-21T21:35:23.698Z] 将在5秒后重启 (今日第5次)
[2026-03-21T21:35:26.165Z] 启动论坛服务器...
[2026-03-21T21:35:26.264Z] 服务器退出，退出码: 1
[2026-03-21T21:35:26.264Z] 重启次数过多，暂停1小时
[2026-03-21T21:35:27.896Z] 启动论坛服务器...
[2026-03-21T21:35:27.993Z] 服务器退出，退出码: 1
[2026-03-21T21:35:27.993Z] 将在5秒后重启 (今日第10次)
[2026-03-21T21:35:28.711Z] 启动论坛服务器...
[2026-03-21T21:35:28.814Z] 服务器退出，退出码: 1
[2026-03-21T21:35:28.814Z] 将在5秒后重启 (今日第6次)
[2026-03-21T21:35:32.997Z] 启动论坛服务器...
[2026-03-21T21:35:33.097Z] 服务器退出，退出码: 1
[2026-03-21T21:35:33.097Z] 重启次数过多，暂停1小时
[2026-03-21T21:35:33.815Z] 启动论坛服务器...
[2026-03-21T21:35:33.912Z] 服务器退出，退出码: 1
[2026-03-21T21:35:33.912Z] 将在5秒后重启 (今日第7次)
[2026-03-21T21:35:38.914Z] 启动论坛服务器...
[2026-03-21T21:35:39.011Z] 服务器退出，退出码: 1
[2026-03-21T21:35:39.011Z] 将在5秒后重启 (今日第8次)
[2026-03-21T21:35:44.019Z] 启动论坛服务器...
[2026-03-21T21:35:44.120Z] 服务器退出，退出码: 1
[2026-03-21T21:35:44.120Z] 将在5秒后重启 (今日第9次)
[2026-03-21T21:35:49.132Z] 启动论坛服务器...
[2026-03-21T21:35:49.232Z] 服务器退出，退出码: 1
[2026-03-21T21:35:49.232Z] 将在5秒后重启 (今日第10次)
[2026-03-21T21:35:54.236Z] 启动论坛服务器...
[2026-03-21T21:35:54.335Z] 服务器退出，退出码: 1
[2026-03-21T21:35:54.335Z] 重启次数过多，暂停1小时
[2026-03-21T21:37:04.146Z] 健康检查失败，无法连接到服务器
[2026-03-21T21:37:54.547Z] 启动论坛服务器...
[2026-03-21T21:37:54.648Z] 服务器退出，退出码: 1
[2026-03-21T21:37:54.649Z] 将在5秒后重启 (今日第1次)
[2026-03-21T21:37:57.811Z] 健康检查失败，无法连接到服务器
[2026-03-21T21:37:59.652Z] 启动论坛服务器...
[2026-03-21T21:37:59.753Z] 服务器退出，退出码: 1
[2026-03-21T21:37:59.754Z] 将在5秒后重启 (今日第2次)
[2026-03-21T21:38:04.767Z] 启动论坛服务器...
[2026-03-21T21:38:04.865Z] 服务器退出，退出码: 1
[2026-03-21T21:38:04.865Z] 将在5秒后重启 (今日第3次)
[2026-03-21T21:38:09.872Z] 启动论坛服务器...
[2026-03-21T21:38:09.982Z] 服务器退出，退出码: 1
[2026-03-21T21:38:09.983Z] 将在5秒后重启 (今日第4次)
[2026-03-21T21:38:14.986Z] 启动论坛服务器...
[2026-03-21T21:38:15.084Z] 服务器退出，退出码: 1
[2026-03-21T21:38:15.085Z] 将在5秒后重启 (今日第5次)
[2026-03-21T21:38:20.091Z] 启动论坛服务器...
[2026-03-21T21:38:20.191Z] 服务器退出，退出码: 1
[2026-03-21T21:38:20.191Z] 将在5秒后重启 (今日第6次)
[2026-03-21T21:38:25.200Z] 启动论坛服务器...
[2026-03-21T21:38:25.299Z] 服务器退出，退出码: 1
[2026-03-21T21:38:25.300Z] 将在5秒后重启 (今日第7次)
[2026-03-21T21:38:30.304Z] 启动论坛服务器...
[2026-03-21T21:38:30.402Z] 服务器退出，退出码: 1
[2026-03-21T21:38:30.402Z] 将在5秒后重启 (今日第8次)
[2026-03-21T21:38:35.417Z] 启动论坛服务器...
[2026-03-21T21:38:35.515Z] 服务器退出，退出码: 1
[2026-03-21T21:38:35.516Z] 将在5秒后重启 (今日第9次)
[2026-03-21T21:38:40.525Z] 启动论坛服务器...
[2026-03-21T21:38:40.621Z] 服务器退出，退出码: 1
[2026-03-21T21:38:40.621Z] 将在5秒后重启 (今日第10次)
[2026-03-21T21:38:45.627Z] 启动论坛服务器...
[2026-03-21T21:38:45.727Z] 服务器退出，退出码: 1
[2026-03-21T21:38:45.727Z] 重启次数过多，暂停1小时
[2026-03-21T21:38:46.937Z] 健康检查失败，无法连接到服务器
[2026-03-21T21:39:49.222Z] 健康检查失败，无法连接到服务器
[2026-03-21T21:42:04.154Z] 健康检查失败，无法连接到服务器
[2026-03-21T21:42:57.819Z] 健康检查失败，无法连接到服务器
[2026-03-21T21:43:46.934Z] 健康检查失败，无法连接到服务器
[2026-03-21T21:44:49.228Z] 健康检查失败，无法连接到服务器
[2026-03-21T21:47:04.159Z] 健康检查失败，无法连接到服务器
[2026-03-21T21:47:57.827Z] 健康检查失败，无法连接到服务器
[2026-03-21T21:48:46.935Z] 健康检查失败，无法连接到服务器
[2026-03-21T21:49:49.234Z] 健康检查失败，无法连接到服务器
[2026-03-21T21:52:04.158Z] 健康检查失败，无法连接到服务器
[2026-03-21T21:52:57.825Z] 健康检查失败，无法连接到服务器
[2026-03-21T21:53:46.945Z] 健康检查失败，无法连接到服务器
[2026-03-21T21:54:49.235Z] 健康检查失败，无法连接到服务器
[2026-03-21T21:57:04.169Z] 健康检查失败，无法连接到服务器
[2026-03-21T21:57:57.821Z] 健康检查失败，无法连接到服务器
[2026-03-21T21:58:46.950Z] 健康检查失败，无法连接到服务器
[2026-03-21T21:59:49.243Z] 健康检查失败，无法连接到服务器
[2026-03-21T22:02:04.170Z] 健康检查失败，无法连接到服务器
[2026-03-21T22:02:57.825Z] 健康检查失败，无法连接到服务器
[2026-03-21T22:03:46.953Z] 健康检查失败，无法连接到服务器
[2026-03-21T22:04:49.242Z] 健康检查失败，无法连接到服务器
[2026-03-21T22:07:04.181Z] 健康检查失败，无法连接到服务器
[2026-03-21T22:07:57.826Z] 健康检查失败，无法连接到服务器
[2026-03-21T22:08:46.961Z] 健康检查失败，无法连接到服务器
[2026-03-21T22:09:49.244Z] 健康检查失败，无法连接到服务器
[2026-03-21T22:12:04.187Z] 健康检查失败，无法连接到服务器
[2026-03-21T22:12:57.827Z] 健康检查失败，无法连接到服务器
[2026-03-21T22:13:46.967Z] 健康检查失败，无法连接到服务器
[2026-03-21T22:14:49.244Z] 健康检查失败，无法连接到服务器
[2026-03-21T22:17:04.196Z] 健康检查失败，无法连接到服务器
[2026-03-21T22:17:57.827Z] 健康检查失败，无法连接到服务器
[2026-03-21T22:18:46.967Z] 健康检查失败，无法连接到服务器
[2026-03-21T22:19:49.254Z] 健康检查失败，无法连接到服务器
[2026-03-21T22:22:04.198Z] 健康检查失败，无法连接到服务器
[2026-03-21T22:22:57.831Z] 健康检查失败，无法连接到服务器
[2026-03-21T22:23:46.973Z] 健康检查失败，无法连接到服务器
[2026-03-21T22:24:49.261Z] 健康检查失败，无法连接到服务器
[2026-03-21T22:27:04.199Z] 健康检查失败，无法连接到服务器
[2026-03-21T22:27:57.837Z] 健康检查失败，无法连接到服务器
[2026-03-21T22:28:46.981Z] 健康检查失败，无法连接到服务器
[2026-03-21T22:29:49.269Z] 健康检查失败，无法连接到服务器
[2026-03-21T22:32:04.200Z] 健康检查失败，无法连接到服务器
[2026-03-21T22:32:57.839Z] 健康检查失败，无法连接到服务器
[2026-03-21T22:33:46.988Z] 健康检查失败，无法连接到服务器
[2026-03-21T22:34:49.270Z] 健康检查失败，无法连接到服务器
[2026-03-21T22:35:26.232Z] 启动论坛服务器...
[2026-03-21T22:35:27.990Z] 服务器退出，退出码: 1
[2026-03-21T22:35:27.990Z] 将在5秒后重启 (今日第1次)
[2026-03-21T22:35:33.000Z] 启动论坛服务器...
[2026-03-21T22:35:33.061Z] 启动论坛服务器...
[2026-03-21T22:35:33.109Z] 服务器退出，退出码: 1
[2026-03-21T22:35:33.110Z] 将在5秒后重启 (今日第2次)
[2026-03-21T22:35:33.193Z] 服务器退出，退出码: 1
[2026-03-21T22:35:33.193Z] 将在5秒后重启 (今日第1次)
[2026-03-21T22:35:38.123Z] 启动论坛服务器...
[2026-03-21T22:35:38.198Z] 启动论坛服务器...
[2026-03-21T22:35:38.227Z] 服务器退出，退出码: 1
[2026-03-21T22:35:38.227Z] 将在5秒后重启 (今日第3次)
[2026-03-21T22:35:38.309Z] 服务器退出，退出码: 1
[2026-03-21T22:35:38.309Z] 将在5秒后重启 (今日第2次)
[2026-03-21T22:35:43.237Z] 启动论坛服务器...
[2026-03-21T22:35:43.311Z] 启动论坛服务器...
[2026-03-21T22:35:43.337Z] 服务器退出，退出码: 1
[2026-03-21T22:35:43.338Z] 将在5秒后重启 (今日第4次)
[2026-03-21T22:35:43.421Z] 服务器退出，退出码: 1
[2026-03-21T22:35:43.421Z] 将在5秒后重启 (今日第3次)
[2026-03-21T22:35:48.353Z] 启动论坛服务器...
[2026-03-21T22:35:48.428Z] 启动论坛服务器...
[2026-03-21T22:35:48.456Z] 服务器退出，退出码: 1
[2026-03-21T22:35:48.457Z] 将在5秒后重启 (今日第5次)
[2026-03-21T22:35:48.539Z] 服务器退出，退出码: 1
[2026-03-21T22:35:48.539Z] 将在5秒后重启 (今日第4次)
[2026-03-21T22:35:53.459Z] 启动论坛服务器...
[2026-03-21T22:35:53.548Z] 启动论坛服务器...
[2026-03-21T22:35:53.561Z] 服务器退出，退出码: 1
[2026-03-21T22:35:53.561Z] 将在5秒后重启 (今日第6次)
[2026-03-21T22:35:53.651Z] 服务器退出，退出码: 1
[2026-03-21T22:35:53.651Z] 将在5秒后重启 (今日第5次)
[2026-03-21T22:35:54.300Z] 启动论坛服务器...
[2026-03-21T22:35:54.400Z] 服务器退出，退出码: 1
[2026-03-21T22:35:54.400Z] 将在5秒后重启 (今日第1次)
[2026-03-21T22:35:58.569Z] 启动论坛服务器...
[2026-03-21T22:35:58.659Z] 启动论坛服务器...
[2026-03-21T22:35:58.670Z] 服务器退出，退出码: 1
[2026-03-21T22:35:58.670Z] 将在5秒后重启 (今日第7次)
[2026-03-21T22:35:58.760Z] 服务器退出，退出码: 1
[2026-03-21T22:35:58.761Z] 将在5秒后重启 (今日第6次)
[2026-03-21T22:35:59.413Z] 启动论坛服务器...
[2026-03-21T22:35:59.521Z] 服务器退出，退出码: 1
[2026-03-21T22:35:59.522Z] 将在5秒后重启 (今日第2次)
[2026-03-21T22:36:03.683Z] 启动论坛服务器...
[2026-03-21T22:36:03.773Z] 启动论坛服务器...
[2026-03-21T22:36:03.801Z] 服务器退出，退出码: 1
[2026-03-21T22:36:03.801Z] 将在5秒后重启 (今日第8次)
[2026-03-21T22:36:03.883Z] 服务器退出，退出码: 1
[2026-03-21T22:36:03.883Z] 将在5秒后重启 (今日第7次)
[2026-03-21T22:36:04.526Z] 启动论坛服务器...
[2026-03-21T22:36:04.625Z] 服务器退出，退出码: 1
[2026-03-21T22:36:04.626Z] 将在5秒后重启 (今日第3次)
[2026-03-21T22:36:08.810Z] 启动论坛服务器...
[2026-03-21T22:36:08.884Z] 启动论坛服务器...
[2026-03-21T22:36:08.912Z] 服务器退出，退出码: 1
[2026-03-21T22:36:08.913Z] 将在5秒后重启 (今日第9次)
[2026-03-21T22:36:08.995Z] 服务器退出，退出码: 1
[2026-03-21T22:36:08.995Z] 将在5秒后重启 (今日第8次)
[2026-03-21T22:36:09.627Z] 启动论坛服务器...
[2026-03-21T22:36:09.734Z] 服务器退出，退出码: 1
[2026-03-21T22:36:09.734Z] 将在5秒后重启 (今日第4次)
[2026-03-21T22:36:13.921Z] 启动论坛服务器...
[2026-03-21T22:36:13.996Z] 启动论坛服务器...
[2026-03-21T22:36:14.023Z] 服务器退出，退出码: 1
[2026-03-21T22:36:14.023Z] 将在5秒后重启 (今日第10次)
[2026-03-21T22:36:14.107Z] 服务器退出，退出码: 1
[2026-03-21T22:36:14.107Z] 将在5秒后重启 (今日第9次)
[2026-03-21T22:36:14.748Z] 启动论坛服务器...
[2026-03-21T22:36:14.848Z] 服务器退出，退出码: 1
[2026-03-21T22:36:14.849Z] 将在5秒后重启 (今日第5次)
[2026-03-21T22:36:19.025Z] 启动论坛服务器...
[2026-03-21T22:36:19.114Z] 启动论坛服务器...
[2026-03-21T22:36:19.124Z] 服务器退出，退出码: 1
[2026-03-21T22:36:19.125Z] 重启次数过多，暂停1小时
[2026-03-21T22:36:19.215Z] 服务器退出，退出码: 1
[2026-03-21T22:36:19.215Z] 将在5秒后重启 (今日第10次)
[2026-03-21T22:36:19.851Z] 启动论坛服务器...
[2026-03-21T22:36:19.951Z] 服务器退出，退出码: 1
[2026-03-21T22:36:19.951Z] 将在5秒后重启 (今日第6次)
[2026-03-21T22:36:24.221Z] 启动论坛服务器...
[2026-03-21T22:36:24.320Z] 服务器退出，退出码: 1
[2026-03-21T22:36:24.320Z] 重启次数过多，暂停1小时
[2026-03-21T22:36:24.960Z] 启动论坛服务器...
[2026-03-21T22:36:25.059Z] 服务器退出，退出码: 1
[2026-03-21T22:36:25.060Z] 将在5秒后重启 (今日第7次)
[2026-03-21T22:36:30.062Z] 启动论坛服务器...
[2026-03-21T22:36:30.164Z] 服务器退出，退出码: 1
[2026-03-21T22:36:30.165Z] 将在5秒后重启 (今日第8次)
[2026-03-21T22:36:35.166Z] 启动论坛服务器...
[2026-03-21T22:36:35.268Z] 服务器退出，退出码: 1
[2026-03-21T22:36:35.269Z] 将在5秒后重启 (今日第9次)
[2026-03-21T22:36:40.282Z] 启动论坛服务器...
[2026-03-21T22:36:40.382Z] 服务器退出，退出码: 1
[2026-03-21T22:36:40.382Z] 将在5秒后重启 (今日第10次)
[2026-03-21T22:36:45.388Z] 启动论坛服务器...
[2026-03-21T22:36:45.508Z] 服务器退出，退出码: 1
[2026-03-21T22:36:45.508Z] 重启次数过多，暂停1小时
[2026-03-21T22:37:04.211Z] 健康检查失败，无法连接到服务器
[2026-03-21T22:37:57.838Z] 健康检查失败，无法连接到服务器
[2026-03-21T22:38:45.690Z] 启动论坛服务器...
[2026-03-21T22:38:45.792Z] 服务器退出，退出码: 1
[2026-03-21T22:38:45.793Z] 将在5秒后重启 (今日第1次)
[2026-03-21T22:38:46.985Z] 健康检查失败，无法连接到服务器
[2026-03-21T22:38:50.801Z] 启动论坛服务器...
[2026-03-21T22:38:50.901Z] 服务器退出，退出码: 1
[2026-03-21T22:38:50.901Z] 将在5秒后重启 (今日第2次)
[2026-03-21T22:38:55.916Z] 启动论坛服务器...
[2026-03-21T22:38:56.017Z] 服务器退出，退出码: 1
[2026-03-21T22:38:56.017Z] 将在5秒后重启 (今日第3次)
[2026-03-21T22:39:01.032Z] 启动论坛服务器...
[2026-03-21T22:39:01.134Z] 服务器退出，退出码: 1
[2026-03-21T22:39:01.134Z] 将在5秒后重启 (今日第4次)
[2026-03-21T22:39:06.136Z] 启动论坛服务器...
[2026-03-21T22:39:06.237Z] 服务器退出，退出码: 1
[2026-03-21T22:39:06.237Z] 将在5秒后重启 (今日第5次)
[2026-03-21T22:39:11.245Z] 启动论坛服务器...
[2026-03-21T22:39:11.347Z] 服务器退出，退出码: 1
[2026-03-21T22:39:11.347Z] 将在5秒后重启 (今日第6次)
[2026-03-21T22:39:16.355Z] 启动论坛服务器...
[2026-03-21T22:39:16.454Z] 服务器退出，退出码: 1
[2026-03-21T22:39:16.455Z] 将在5秒后重启 (今日第7次)
[2026-03-21T22:39:21.469Z] 启动论坛服务器...
[2026-03-21T22:39:21.568Z] 服务器退出，退出码: 1
[2026-03-21T22:39:21.569Z] 将在5秒后重启 (今日第8次)
[2026-03-21T22:39:26.574Z] 启动论坛服务器...
[2026-03-21T22:39:26.675Z] 服务器退出，退出码: 1
[2026-03-21T22:39:26.675Z] 将在5秒后重启 (今日第9次)
[2026-03-21T22:39:31.683Z] 启动论坛服务器...
[2026-03-21T22:39:31.783Z] 服务器退出，退出码: 1
[2026-03-21T22:39:31.783Z] 将在5秒后重启 (今日第10次)
[2026-03-21T22:39:36.792Z] 启动论坛服务器...
[2026-03-21T22:39:36.893Z] 服务器退出，退出码: 1
[2026-03-21T22:39:36.893Z] 重启次数过多，暂停1小时
[2026-03-21T22:39:49.271Z] 健康检查失败，无法连接到服务器
[2026-03-21T22:42:04.208Z] 健康检查失败，无法连接到服务器
[2026-03-21T22:42:57.844Z] 健康检查失败，无法连接到服务器
[2026-03-21T22:43:46.981Z] 健康检查失败，无法连接到服务器
[2026-03-21T22:44:49.273Z] 健康检查失败，无法连接到服务器
[2026-03-21T22:47:04.211Z] 健康检查失败，无法连接到服务器
[2026-03-21T22:47:57.844Z] 健康检查失败，无法连接到服务器
[2026-03-21T22:48:46.987Z] 健康检查失败，无法连接到服务器
[2026-03-21T22:49:49.280Z] 健康检查失败，无法连接到服务器
[2026-03-21T22:52:04.211Z] 健康检查失败，无法连接到服务器
[2026-03-21T22:52:57.841Z] 健康检查失败，无法连接到服务器
[2026-03-21T22:53:46.990Z] 健康检查失败，无法连接到服务器
[2026-03-21T22:54:49.283Z] 健康检查失败，无法连接到服务器
[2026-03-21T22:55:36.220Z] === 看门狗启动 ===
[2026-03-21T22:55:36.222Z] 监控目录: C:\Users\Administrator\.openclaw\workspace\ai-forum
[2026-03-21T22:55:36.231Z] 监控中... 按 Ctrl+C 停止
[2026-03-21T22:55:36.236Z] 启动论坛服务器...
[2026-03-21T22:56:59.293Z] === 看门狗启动 ===
[2026-03-21T22:56:59.296Z] 监控目录: C:\Users\Administrator\.openclaw\workspace\ai-forum
[2026-03-21T22:56:59.304Z] 监控中... 按 Ctrl+C 停止
[2026-03-21T22:56:59.309Z] 启动论坛服务器...
[2026-03-21T22:57:04.216Z] 健康检查失败，无法连接到服务器
[2026-03-21T22:57:57.848Z] 健康检查失败，无法连接到服务器
[2026-03-21T22:58:47.001Z] 健康检查失败，无法连接到服务器
[2026-03-21T22:59:49.288Z] 健康检查失败，无法连接到服务器
[2026-03-21T23:02:04.222Z] 健康检查失败，无法连接到服务器
[2026-03-21T23:02:57.849Z] 健康检查失败，无法连接到服务器
[2026-03-21T23:03:47.007Z] 健康检查失败，无法连接到服务器
[2026-03-21T23:04:49.287Z] 健康检查失败，无法连接到服务器
[2026-03-21T23:07:04.219Z] 健康检查失败，无法连接到服务器
[2026-03-21T23:07:57.859Z] 健康检查失败，无法连接到服务器
[2026-03-21T23:08:47.014Z] 健康检查失败，无法连接到服务器
[2026-03-21T23:09:49.286Z] 健康检查失败，无法连接到服务器
[2026-03-21T23:12:04.224Z] 健康检查失败，无法连接到服务器
[2026-03-21T23:12:57.859Z] 健康检查失败，无法连接到服务器
[2026-03-21T23:13:47.019Z] 健康检查失败，无法连接到服务器
[2026-03-21T23:14:49.286Z] 健康检查失败，无法连接到服务器
[2026-03-21T23:17:04.222Z] 健康检查失败，无法连接到服务器
[2026-03-21T23:17:57.865Z] 健康检查失败，无法连接到服务器
[2026-03-21T23:18:47.019Z] 健康检查失败，无法连接到服务器
[2026-03-21T23:19:49.284Z] 健康检查失败，无法连接到服务器
[2026-03-21T23:22:04.230Z] 健康检查失败，无法连接到服务器
[2026-03-21T23:22:57.872Z] 健康检查失败，无法连接到服务器
[2026-03-21T23:23:47.026Z] 健康检查失败，无法连接到服务器
[2026-03-21T23:24:49.292Z] 健康检查失败，无法连接到服务器
[2026-03-21T23:27:04.232Z] 健康检查失败，无法连接到服务器
[2026-03-21T23:27:57.876Z] 健康检查失败，无法连接到服务器
[2026-03-21T23:28:47.029Z] 健康检查失败，无法连接到服务器
[2026-03-21T23:29:49.300Z] 健康检查失败，无法连接到服务器
[2026-03-21T23:32:04.229Z] 健康检查失败，无法连接到服务器
[2026-03-21T23:32:57.878Z] 健康检查失败，无法连接到服务器
[2026-03-21T23:33:47.033Z] 健康检查失败，无法连接到服务器
[2026-03-21T23:34:49.307Z] 健康检查失败，无法连接到服务器
[2026-03-21T23:36:19.088Z] 启动论坛服务器...
[2026-03-21T23:36:19.187Z] 服务器退出，退出码: 1
[2026-03-21T23:36:19.188Z] 将在5秒后重启 (今日第1次)
[2026-03-21T23:36:24.199Z] 启动论坛服务器...
[2026-03-21T23:36:24.289Z] 启动论坛服务器...
[2026-03-21T23:36:24.300Z] 服务器退出，退出码: 1
[2026-03-21T23:36:24.300Z] 将在5秒后重启 (今日第2次)
[2026-03-21T23:36:24.387Z] 服务器退出，退出码: 1
[2026-03-21T23:36:24.388Z] 将在5秒后重启 (今日第1次)
[2026-03-21T23:36:29.311Z] 启动论坛服务器...
[2026-03-21T23:36:29.402Z] 启动论坛服务器...
[2026-03-21T23:36:29.416Z] 服务器退出，退出码: 1
[2026-03-21T23:36:29.416Z] 将在5秒后重启 (今日第3次)
[2026-03-21T23:36:29.612Z] 服务器退出，退出码: 1
[2026-03-21T23:36:29.612Z] 将在5秒后重启 (今日第2次)
[2026-03-21T23:36:34.422Z] 启动论坛服务器...
[2026-03-21T23:36:34.522Z] 服务器退出，退出码: 1
[2026-03-21T23:36:34.523Z] 将在5秒后重启 (今日第4次)
[2026-03-21T23:36:34.620Z] 启动论坛服务器...
[2026-03-21T23:36:34.720Z] 服务器退出，退出码: 1
[2026-03-21T23:36:34.720Z] 将在5秒后重启 (今日第3次)
[2026-03-21T23:36:39.527Z] 启动论坛服务器...
[2026-03-21T23:36:39.626Z] 服务器退出，退出码: 1
[2026-03-21T23:36:39.626Z] 将在5秒后重启 (今日第5次)
[2026-03-21T23:36:39.722Z] 启动论坛服务器...
[2026-03-21T23:36:39.821Z] 服务器退出，退出码: 1
[2026-03-21T23:36:39.822Z] 将在5秒后重启 (今日第4次)
[2026-03-21T23:36:44.631Z] 启动论坛服务器...
[2026-03-21T23:36:44.727Z] 服务器退出，退出码: 1
[2026-03-21T23:36:44.728Z] 将在5秒后重启 (今日第6次)
[2026-03-21T23:36:44.827Z] 启动论坛服务器...
[2026-03-21T23:36:44.925Z] 服务器退出，退出码: 1
[2026-03-21T23:36:44.926Z] 将在5秒后重启 (今日第5次)
[2026-03-21T23:36:45.477Z] 启动论坛服务器...
[2026-03-21T23:36:45.576Z] 服务器退出，退出码: 1
[2026-03-21T23:36:45.576Z] 将在5秒后重启 (今日第1次)
[2026-03-21T23:36:49.735Z] 启动论坛服务器...
[2026-03-21T23:36:49.833Z] 服务器退出，退出码: 1
[2026-03-21T23:36:49.834Z] 将在5秒后重启 (今日第7次)
[2026-03-21T23:36:49.932Z] 启动论坛服务器...
[2026-03-21T23:36:50.031Z] 服务器退出，退出码: 1
[2026-03-21T23:36:50.031Z] 将在5秒后重启 (今日第6次)
[2026-03-21T23:36:50.577Z] 启动论坛服务器...
[2026-03-21T23:36:50.678Z] 服务器退出，退出码: 1
[2026-03-21T23:36:50.678Z] 将在5秒后重启 (今日第2次)
[2026-03-21T23:36:54.842Z] 启动论坛服务器...
[2026-03-21T23:36:54.941Z] 服务器退出，退出码: 1
[2026-03-21T23:36:54.941Z] 将在5秒后重启 (今日第8次)
[2026-03-21T23:36:55.039Z] 启动论坛服务器...
[2026-03-21T23:36:55.147Z] 服务器退出，退出码: 1
[2026-03-21T23:36:55.147Z] 将在5秒后重启 (今日第7次)
[2026-03-21T23:36:55.689Z] 启动论坛服务器...
[2026-03-21T23:36:55.792Z] 服务器退出，退出码: 1
[2026-03-21T23:36:55.792Z] 将在5秒后重启 (今日第3次)
[2026-03-21T23:36:59.946Z] 启动论坛服务器...
[2026-03-21T23:37:00.049Z] 服务器退出，退出码: 1
[2026-03-21T23:37:00.050Z] 将在5秒后重启 (今日第9次)
[2026-03-21T23:37:00.158Z] 启动论坛服务器...
[2026-03-21T23:37:00.258Z] 服务器退出，退出码: 1
[2026-03-21T23:37:00.258Z] 将在5秒后重启 (今日第8次)
[2026-03-21T23:37:00.794Z] 启动论坛服务器...
[2026-03-21T23:37:00.892Z] 服务器退出，退出码: 1
[2026-03-21T23:37:00.893Z] 将在5秒后重启 (今日第4次)
[2026-03-21T23:37:04.240Z] 健康检查失败，无法连接到服务器
[2026-03-21T23:37:05.060Z] 启动论坛服务器...
[2026-03-21T23:37:05.162Z] 服务器退出，退出码: 1
[2026-03-21T23:37:05.162Z] 将在5秒后重启 (今日第10次)
[2026-03-21T23:37:05.270Z] 启动论坛服务器...
[2026-03-21T23:37:05.370Z] 服务器退出，退出码: 1
[2026-03-21T23:37:05.370Z] 将在5秒后重启 (今日第9次)
[2026-03-21T23:37:05.903Z] 启动论坛服务器...
[2026-03-21T23:37:06.006Z] 服务器退出，退出码: 1
[2026-03-21T23:37:06.007Z] 将在5秒后重启 (今日第5次)
[2026-03-21T23:37:10.173Z] 启动论坛服务器...
[2026-03-21T23:37:10.272Z] 服务器退出，退出码: 1
[2026-03-21T23:37:10.272Z] 重启次数过多，暂停1小时
[2026-03-21T23:37:10.383Z] 启动论坛服务器...
[2026-03-21T23:37:10.487Z] 服务器退出，退出码: 1
[2026-03-21T23:37:10.487Z] 将在5秒后重启 (今日第10次)
[2026-03-21T23:37:11.016Z] 启动论坛服务器...
[2026-03-21T23:37:11.114Z] 服务器退出，退出码: 1
[2026-03-21T23:37:11.114Z] 将在5秒后重启 (今日第6次)
[2026-03-21T23:37:15.503Z] 启动论坛服务器...
[2026-03-21T23:37:15.627Z] 服务器退出，退出码: 1
[2026-03-21T23:37:15.627Z] 重启次数过多，暂停1小时
[2026-03-21T23:37:16.122Z] 启动论坛服务器...
[2026-03-21T23:37:16.230Z] 服务器退出，退出码: 1
[2026-03-21T23:37:16.231Z] 将在5秒后重启 (今日第7次)
[2026-03-21T23:37:21.232Z] 启动论坛服务器...
[2026-03-21T23:37:21.334Z] 服务器退出，退出码: 1
[2026-03-21T23:37:21.334Z] 将在5秒后重启 (今日第8次)
[2026-03-21T23:37:26.341Z] 启动论坛服务器...
[2026-03-21T23:37:26.441Z] 服务器退出，退出码: 1
[2026-03-21T23:37:26.441Z] 将在5秒后重启 (今日第9次)
[2026-03-21T23:37:31.445Z] 启动论坛服务器...
[2026-03-21T23:37:31.542Z] 服务器退出，退出码: 1
[2026-03-21T23:37:31.542Z] 将在5秒后重启 (今日第10次)
[2026-03-21T23:37:36.550Z] 启动论坛服务器...
[2026-03-21T23:37:36.648Z] 服务器退出，退出码: 1
[2026-03-21T23:37:36.648Z] 重启次数过多，暂停1小时
[2026-03-21T23:37:57.875Z] 健康检查失败，无法连接到服务器
[2026-03-21T23:38:47.039Z] 健康检查失败，无法连接到服务器
[2026-03-21T23:39:36.860Z] 启动论坛服务器...
[2026-03-21T23:39:36.960Z] 服务器退出，退出码: 1
[2026-03-21T23:39:36.961Z] 将在5秒后重启 (今日第1次)
[2026-03-21T23:39:41.965Z] 启动论坛服务器...
[2026-03-21T23:39:42.064Z] 服务器退出，退出码: 1
[2026-03-21T23:39:42.064Z] 将在5秒后重启 (今日第2次)
[2026-03-21T23:39:47.067Z] 启动论坛服务器...
[2026-03-21T23:39:47.166Z] 服务器退出，退出码: 1
[2026-03-21T23:39:47.167Z] 将在5秒后重启 (今日第3次)
[2026-03-21T23:39:49.316Z] 健康检查失败，无法连接到服务器
[2026-03-21T23:39:52.178Z] 启动论坛服务器...
[2026-03-21T23:39:52.281Z] 服务器退出，退出码: 1
[2026-03-21T23:39:52.281Z] 将在5秒后重启 (今日第4次)
[2026-03-21T23:39:57.292Z] 启动论坛服务器...
[2026-03-21T23:39:57.399Z] 服务器退出，退出码: 1
[2026-03-21T23:39:57.400Z] 将在5秒后重启 (今日第5次)
[2026-03-21T23:40:02.402Z] 启动论坛服务器...
[2026-03-21T23:40:02.503Z] 服务器退出，退出码: 1
[2026-03-21T23:40:02.503Z] 将在5秒后重启 (今日第6次)
[2026-03-21T23:40:07.507Z] 启动论坛服务器...
[2026-03-21T23:40:07.610Z] 服务器退出，退出码: 1
[2026-03-21T23:40:07.610Z] 将在5秒后重启 (今日第7次)
[2026-03-21T23:40:12.617Z] 启动论坛服务器...
[2026-03-21T23:40:12.717Z] 服务器退出，退出码: 1
[2026-03-21T23:40:12.718Z] 将在5秒后重启 (今日第8次)
[2026-03-21T23:40:17.722Z] 启动论坛服务器...
[2026-03-21T23:40:17.821Z] 服务器退出，退出码: 1
[2026-03-21T23:40:17.822Z] 将在5秒后重启 (今日第9次)
[2026-03-21T23:40:22.837Z] 启动论坛服务器...
[2026-03-21T23:40:22.938Z] 服务器退出，退出码: 1
[2026-03-21T23:40:22.938Z] 将在5秒后重启 (今日第10次)
[2026-03-21T23:40:27.952Z] 启动论坛服务器...
[2026-03-21T23:40:28.056Z] 服务器退出，退出码: 1
[2026-03-21T23:40:28.056Z] 重启次数过多，暂停1小时
[2026-03-21T23:42:04.248Z] 健康检查失败，无法连接到服务器
[2026-03-21T23:42:57.879Z] 健康检查失败，无法连接到服务器
[2026-03-21T23:43:47.045Z] 健康检查失败，无法连接到服务器
[2026-03-21T23:44:49.315Z] 健康检查失败，无法连接到服务器
[2026-03-21T23:47:04.252Z] 健康检查失败，无法连接到服务器
[2026-03-21T23:47:57.881Z] 健康检查失败，无法连接到服务器
[2026-03-21T23:48:47.055Z] 健康检查失败，无法连接到服务器
[2026-03-21T23:49:49.326Z] 健康检查失败，无法连接到服务器
[2026-03-21T23:52:04.263Z] 健康检查失败，无法连接到服务器
[2026-03-21T23:52:57.880Z] 健康检查失败，无法连接到服务器
[2026-03-21T23:53:47.064Z] 健康检查失败，无法连接到服务器
[2026-03-21T23:54:49.325Z] 健康检查失败，无法连接到服务器
[2026-03-21T23:57:04.261Z] 健康检查失败，无法连接到服务器
[2026-03-21T23:57:57.884Z] 健康检查失败，无法连接到服务器
[2026-03-21T23:58:47.065Z] 健康检查失败，无法连接到服务器
[2026-03-21T23:59:49.322Z] 健康检查失败，无法连接到服务器
[2026-03-22T00:02:04.270Z] 健康检查失败，无法连接到服务器
[2026-03-22T00:02:57.891Z] 健康检查失败，无法连接到服务器
[2026-03-22T00:03:47.067Z] 健康检查失败，无法连接到服务器
[2026-03-22T00:04:49.322Z] 健康检查失败，无法连接到服务器
[2026-03-22T00:07:04.268Z] 健康检查失败，无法连接到服务器
[2026-03-22T00:07:57.901Z] 健康检查失败，无法连接到服务器
[2026-03-22T00:08:47.064Z] 健康检查失败，无法连接到服务器
[2026-03-22T00:09:49.327Z] 健康检查失败，无法连接到服务器
[2026-03-22T00:12:04.270Z] 健康检查失败，无法连接到服务器
[2026-03-22T00:12:57.910Z] 健康检查失败，无法连接到服务器
[2026-03-22T00:13:47.065Z] 健康检查失败，无法连接到服务器
[2026-03-22T00:14:49.333Z] 健康检查失败，无法连接到服务器
[2026-03-22T00:17:04.268Z] 健康检查失败，无法连接到服务器
[2026-03-22T00:17:57.914Z] 健康检查失败，无法连接到服务器
[2026-03-22T00:18:47.071Z] 健康检查失败，无法连接到服务器
[2026-03-22T00:19:49.331Z] 健康检查失败，无法连接到服务器
[2026-03-22T00:22:04.277Z] 健康检查失败，无法连接到服务器
[2026-03-22T00:22:57.915Z] 健康检查失败，无法连接到服务器
[2026-03-22T00:23:47.072Z] 健康检查失败，无法连接到服务器
[2026-03-22T00:24:49.338Z] 健康检查失败，无法连接到服务器
[2026-03-22T00:27:04.278Z] 健康检查失败，无法连接到服务器
[2026-03-22T00:27:57.912Z] 健康检查失败，无法连接到服务器
[2026-03-22T00:28:47.073Z] 健康检查失败，无法连接到服务器
[2026-03-22T00:29:49.337Z] 健康检查失败，无法连接到服务器
[2026-03-22T00:32:04.285Z] 健康检查失败，无法连接到服务器
[2026-03-22T00:32:57.914Z] 健康检查失败，无法连接到服务器
[2026-03-22T00:33:47.069Z] 健康检查失败，无法连接到服务器
[2026-03-22T00:34:49.343Z] 健康检查失败，无法连接到服务器
[2026-03-22T00:37:04.286Z] 健康检查失败，无法连接到服务器
[2026-03-22T00:37:10.243Z] 启动论坛服务器...
[2026-03-22T00:37:10.342Z] 服务器退出，退出码: 1
[2026-03-22T00:37:10.342Z] 将在5秒后重启 (今日第1次)
[2026-03-22T00:37:15.356Z] 启动论坛服务器...
[2026-03-22T00:37:15.458Z] 服务器退出，退出码: 1
[2026-03-22T00:37:15.458Z] 将在5秒后重启 (今日第2次)
[2026-03-22T00:37:15.597Z] 启动论坛服务器...
[2026-03-22T00:37:15.694Z] 服务器退出，退出码: 1
[2026-03-22T00:37:15.694Z] 将在5秒后重启 (今日第1次)
[2026-03-22T00:37:20.465Z] 启动论坛服务器...
[2026-03-22T00:37:20.574Z] 服务器退出，退出码: 1
[2026-03-22T00:37:20.574Z] 将在5秒后重启 (今日第3次)
[2026-03-22T00:37:20.705Z] 启动论坛服务器...
[2026-03-22T00:37:20.806Z] 服务器退出，退出码: 1
[2026-03-22T00:37:20.806Z] 将在5秒后重启 (今日第2次)
[2026-03-22T00:37:25.589Z] 启动论坛服务器...
[2026-03-22T00:37:25.690Z] 服务器退出，退出码: 1
[2026-03-22T00:37:25.690Z] 将在5秒后重启 (今日第4次)
[2026-03-22T00:37:25.815Z] 启动论坛服务器...
[2026-03-22T00:37:25.916Z] 服务器退出，退出码: 1
[2026-03-22T00:37:25.916Z] 将在5秒后重启 (今日第3次)
[2026-03-22T00:37:30.704Z] 启动论坛服务器...
[2026-03-22T00:37:30.805Z] 服务器退出，退出码: 1
[2026-03-22T00:37:30.806Z] 将在5秒后重启 (今日第5次)
[2026-03-22T00:37:30.929Z] 启动论坛服务器...
[2026-03-22T00:37:31.032Z] 服务器退出，退出码: 1
[2026-03-22T00:37:31.032Z] 将在5秒后重启 (今日第4次)
[2026-03-22T00:37:35.812Z] 启动论坛服务器...
[2026-03-22T00:37:35.914Z] 服务器退出，退出码: 1
[2026-03-22T00:37:35.914Z] 将在5秒后重启 (今日第6次)
[2026-03-22T00:37:36.039Z] 启动论坛服务器...
[2026-03-22T00:37:36.142Z] 服务器退出，退出码: 1
[2026-03-22T00:37:36.142Z] 将在5秒后重启 (今日第5次)
[2026-03-22T00:37:36.611Z] 启动论坛服务器...
[2026-03-22T00:37:36.712Z] 服务器退出，退出码: 1
[2026-03-22T00:37:36.712Z] 将在5秒后重启 (今日第1次)
[2026-03-22T00:37:40.930Z] 启动论坛服务器...
[2026-03-22T00:37:41.028Z] 服务器退出，退出码: 1
[2026-03-22T00:37:41.029Z] 将在5秒后重启 (今日第7次)
[2026-03-22T00:37:41.156Z] 启动论坛服务器...
[2026-03-22T00:37:41.256Z] 服务器退出，退出码: 1
[2026-03-22T00:37:41.257Z] 将在5秒后重启 (今日第6次)
[2026-03-22T00:37:41.728Z] 启动论坛服务器...
[2026-03-22T00:37:41.825Z] 服务器退出，退出码: 1
[2026-03-22T00:37:41.826Z] 将在5秒后重启 (今日第2次)
[2026-03-22T00:37:46.043Z] 启动论坛服务器...
[2026-03-22T00:37:46.173Z] 服务器退出，退出码: 1
[2026-03-22T00:37:46.173Z] 将在5秒后重启 (今日第8次)
[2026-03-22T00:37:46.267Z] 启动论坛服务器...
[2026-03-22T00:37:46.367Z] 服务器退出，退出码: 1
[2026-03-22T00:37:46.367Z] 将在5秒后重启 (今日第7次)
[2026-03-22T00:37:46.827Z] 启动论坛服务器...
[2026-03-22T00:37:46.928Z] 服务器退出，退出码: 1
[2026-03-22T00:37:46.928Z] 将在5秒后重启 (今日第3次)
[2026-03-22T00:37:51.180Z] 启动论坛服务器...
[2026-03-22T00:37:51.280Z] 服务器退出，退出码: 1
[2026-03-22T00:37:51.280Z] 将在5秒后重启 (今日第9次)
[2026-03-22T00:37:51.375Z] 启动论坛服务器...
[2026-03-22T00:37:51.477Z] 服务器退出，退出码: 1
[2026-03-22T00:37:51.477Z] 将在5秒后重启 (今日第8次)
[2026-03-22T00:37:51.931Z] 启动论坛服务器...
[2026-03-22T00:37:52.035Z] 服务器退出，退出码: 1
[2026-03-22T00:37:52.035Z] 将在5秒后重启 (今日第4次)
[2026-03-22T00:37:56.292Z] 启动论坛服务器...
[2026-03-22T00:37:56.389Z] 服务器退出，退出码: 1
[2026-03-22T00:37:56.389Z] 将在5秒后重启 (今日第10次)
[2026-03-22T00:37:56.487Z] 启动论坛服务器...
[2026-03-22T00:37:56.586Z] 服务器退出，退出码: 1
[2026-03-22T00:37:56.586Z] 将在5秒后重启 (今日第9次)
[2026-03-22T00:37:57.048Z] 启动论坛服务器...
[2026-03-22T00:37:57.149Z] 服务器退出，退出码: 1
[2026-03-22T00:37:57.149Z] 将在5秒后重启 (今日第5次)
[2026-03-22T00:37:57.923Z] 健康检查失败，无法连接到服务器
[2026-03-22T00:38:01.393Z] 启动论坛服务器...
[2026-03-22T00:38:01.492Z] 服务器退出，退出码: 1
[2026-03-22T00:38:01.493Z] 重启次数过多，暂停1小时
[2026-03-22T00:38:01.589Z] 启动论坛服务器...
[2026-03-22T00:38:01.687Z] 服务器退出，退出码: 1
[2026-03-22T00:38:01.687Z] 将在5秒后重启 (今日第10次)
[2026-03-22T00:38:02.161Z] 启动论坛服务器...
[2026-03-22T00:38:02.262Z] 服务器退出，退出码: 1
[2026-03-22T00:38:02.263Z] 将在5秒后重启 (今日第6次)
[2026-03-22T00:38:06.698Z] 启动论坛服务器...
[2026-03-22T00:38:06.812Z] 服务器退出，退出码: 1
[2026-03-22T00:38:06.813Z] 重启次数过多，暂停1小时
[2026-03-22T00:38:07.270Z] 启动论坛服务器...
[2026-03-22T00:38:07.371Z] 服务器退出，退出码: 1
[2026-03-22T00:38:07.371Z] 将在5秒后重启 (今日第7次)
[2026-03-22T00:38:12.373Z] 启动论坛服务器...
[2026-03-22T00:38:12.472Z] 服务器退出，退出码: 1
[2026-03-22T00:38:12.473Z] 将在5秒后重启 (今日第8次)
[2026-03-22T00:38:17.482Z] 启动论坛服务器...
[2026-03-22T00:38:17.584Z] 服务器退出，退出码: 1
[2026-03-22T00:38:17.585Z] 将在5秒后重启 (今日第9次)
[2026-03-22T00:38:22.588Z] 启动论坛服务器...
[2026-03-22T00:38:22.688Z] 服务器退出，退出码: 1
[2026-03-22T00:38:22.689Z] 将在5秒后重启 (今日第10次)
[2026-03-22T00:38:27.699Z] 启动论坛服务器...
[2026-03-22T00:38:27.802Z] 服务器退出，退出码: 1
[2026-03-22T00:38:27.802Z] 重启次数过多，暂停1小时
[2026-03-22T00:38:47.079Z] 健康检查失败，无法连接到服务器
[2026-03-22T00:39:49.342Z] 健康检查失败，无法连接到服务器
[2026-03-22T00:40:28.024Z] 启动论坛服务器...
[2026-03-22T00:40:28.124Z] 服务器退出，退出码: 1
[2026-03-22T00:40:28.124Z] 将在5秒后重启 (今日第1次)
[2026-03-22T00:40:33.127Z] 启动论坛服务器...
[2026-03-22T00:40:33.229Z] 服务器退出，退出码: 1
[2026-03-22T00:40:33.229Z] 将在5秒后重启 (今日第2次)
[2026-03-22T00:40:38.231Z] 启动论坛服务器...
[2026-03-22T00:40:38.330Z] 服务器退出，退出码: 1
[2026-03-22T00:40:38.330Z] 将在5秒后重启 (今日第3次)
[2026-03-22T00:40:43.339Z] 启动论坛服务器...
[2026-03-22T00:40:43.434Z] 服务器退出，退出码: 1
[2026-03-22T00:40:43.435Z] 将在5秒后重启 (今日第4次)
[2026-03-22T00:40:48.447Z] 启动论坛服务器...
[2026-03-22T00:40:48.547Z] 服务器退出，退出码: 1
[2026-03-22T00:40:48.547Z] 将在5秒后重启 (今日第5次)
[2026-03-22T00:40:53.556Z] 启动论坛服务器...
[2026-03-22T00:40:53.658Z] 服务器退出，退出码: 1
[2026-03-22T00:40:53.658Z] 将在5秒后重启 (今日第6次)
[2026-03-22T00:40:58.673Z] 启动论坛服务器...
[2026-03-22T00:40:58.773Z] 服务器退出，退出码: 1
[2026-03-22T00:40:58.774Z] 将在5秒后重启 (今日第7次)
[2026-03-22T00:41:03.777Z] 启动论坛服务器...
[2026-03-22T00:41:03.877Z] 服务器退出，退出码: 1
[2026-03-22T00:41:03.878Z] 将在5秒后重启 (今日第8次)
[2026-03-22T00:41:08.883Z] 启动论坛服务器...
[2026-03-22T00:41:08.982Z] 服务器退出，退出码: 1
[2026-03-22T00:41:08.982Z] 将在5秒后重启 (今日第9次)
[2026-03-22T00:41:13.987Z] 启动论坛服务器...
[2026-03-22T00:41:14.086Z] 服务器退出，退出码: 1
[2026-03-22T00:41:14.086Z] 将在5秒后重启 (今日第10次)
[2026-03-22T00:41:19.089Z] 启动论坛服务器...
[2026-03-22T00:41:19.187Z] 服务器退出，退出码: 1
[2026-03-22T00:41:19.188Z] 重启次数过多，暂停1小时
[2026-03-22T00:42:04.296Z] 健康检查失败，无法连接到服务器
[2026-03-22T00:42:57.931Z] 健康检查失败，无法连接到服务器
[2026-03-22T00:43:47.082Z] 健康检查失败，无法连接到服务器
[2026-03-22T00:44:49.352Z] 健康检查失败，无法连接到服务器
[2026-03-22T00:47:04.292Z] 健康检查失败，无法连接到服务器
[2026-03-22T00:47:57.927Z] 健康检查失败，无法连接到服务器
[2026-03-22T00:48:47.088Z] 健康检查失败，无法连接到服务器
[2026-03-22T00:49:49.357Z] 健康检查失败，无法连接到服务器
[2026-03-22T00:52:04.295Z] 健康检查失败，无法连接到服务器
[2026-03-22T00:52:57.926Z] 健康检查失败，无法连接到服务器
[2026-03-22T00:53:47.085Z] 健康检查失败，无法连接到服务器
[2026-03-22T00:54:49.356Z] 健康检查失败，无法连接到服务器
[2026-03-22T00:57:04.297Z] 健康检查失败，无法连接到服务器
[2026-03-22T00:57:57.923Z] 健康检查失败，无法连接到服务器
[2026-03-22T00:58:47.090Z] 健康检查失败，无法连接到服务器
[2026-03-22T00:59:49.353Z] 健康检查失败，无法连接到服务器
[2026-03-22T01:02:04.301Z] 健康检查失败，无法连接到服务器
[2026-03-22T01:02:57.923Z] 健康检查失败，无法连接到服务器
[2026-03-22T01:03:47.095Z] 健康检查失败，无法连接到服务器
[2026-03-22T01:04:49.364Z] 健康检查失败，无法连接到服务器
[2026-03-22T01:07:04.303Z] 健康检查失败，无法连接到服务器
[2026-03-22T01:07:57.926Z] 健康检查失败，无法连接到服务器
[2026-03-22T01:08:47.097Z] 健康检查失败，无法连接到服务器
[2026-03-22T01:09:49.363Z] 健康检查失败，无法连接到服务器
[2026-03-22T01:12:04.312Z] 健康检查失败，无法连接到服务器
[2026-03-22T01:12:57.936Z] 健康检查失败，无法连接到服务器
[2026-03-22T01:13:47.109Z] 健康检查失败，无法连接到服务器
[2026-03-22T01:14:49.367Z] 健康检查失败，无法连接到服务器
[2026-03-22T01:17:04.314Z] 健康检查失败，无法连接到服务器
[2026-03-22T01:17:57.938Z] 健康检查失败，无法连接到服务器
[2026-03-22T01:18:47.108Z] 健康检查失败，无法连接到服务器
[2026-03-22T01:19:49.366Z] 健康检查失败，无法连接到服务器
[2026-03-22T01:22:04.320Z] 健康检查失败，无法连接到服务器
[2026-03-22T01:22:57.948Z] 健康检查失败，无法连接到服务器
[2026-03-22T01:23:47.118Z] 健康检查失败，无法连接到服务器
[2026-03-22T01:24:49.371Z] 健康检查失败，无法连接到服务器
[2026-03-22T01:27:04.326Z] 健康检查失败，无法连接到服务器
[2026-03-22T01:27:57.948Z] 健康检查失败，无法连接到服务器
[2026-03-22T01:28:47.130Z] 健康检查失败，无法连接到服务器
[2026-03-22T01:29:49.381Z] 健康检查失败，无法连接到服务器
[2026-03-22T01:32:04.335Z] 健康检查失败，无法连接到服务器
[2026-03-22T01:32:57.948Z] 健康检查失败，无法连接到服务器
[2026-03-22T01:33:47.132Z] 健康检查失败，无法连接到服务器
[2026-03-22T01:34:49.376Z] 健康检查失败，无法连接到服务器
[2026-03-22T01:37:04.341Z] 健康检查失败，无法连接到服务器
[2026-03-22T01:37:57.958Z] 健康检查失败，无法连接到服务器
[2026-03-22T01:38:01.472Z] 启动论坛服务器...
[2026-03-22T01:38:01.623Z] 服务器退出，退出码: 1
[2026-03-22T01:38:01.623Z] 将在5秒后重启 (今日第1次)
[2026-03-22T01:38:06.643Z] 启动论坛服务器...
[2026-03-22T01:38:06.770Z] 服务器退出，退出码: 1
[2026-03-22T01:38:06.770Z] 将在5秒后重启 (今日第2次)
[2026-03-22T01:38:06.777Z] 启动论坛服务器...
[2026-03-22T01:38:06.908Z] 服务器退出，退出码: 1
[2026-03-22T01:38:06.908Z] 将在5秒后重启 (今日第1次)
[2026-03-22T01:38:11.786Z] 启动论坛服务器...
[2026-03-22T01:38:11.911Z] 服务器退出，退出码: 1
[2026-03-22T01:38:11.912Z] 将在5秒后重启 (今日第3次)
[2026-03-22T01:38:11.924Z] 启动论坛服务器...
[2026-03-22T01:38:12.050Z] 服务器退出，退出码: 1
[2026-03-22T01:38:12.051Z] 将在5秒后重启 (今日第2次)
[2026-03-22T01:38:16.916Z] 启动论坛服务器...
[2026-03-22T01:38:17.049Z] 服务器退出，退出码: 1
[2026-03-22T01:38:17.049Z] 将在5秒后重启 (今日第4次)
[2026-03-22T01:38:17.068Z] 启动论坛服务器...
[2026-03-22T01:38:17.180Z] 服务器退出，退出码: 1
[2026-03-22T01:38:17.181Z] 将在5秒后重启 (今日第3次)
[2026-03-22T01:38:22.053Z] 启动论坛服务器...
[2026-03-22T01:38:22.177Z] 服务器退出，退出码: 1
[2026-03-22T01:38:22.177Z] 将在5秒后重启 (今日第5次)
[2026-03-22T01:38:22.193Z] 启动论坛服务器...
[2026-03-22T01:38:22.305Z] 服务器退出，退出码: 1
[2026-03-22T01:38:22.308Z] 将在5秒后重启 (今日第4次)
[2026-03-22T01:38:27.194Z] 启动论坛服务器...
[2026-03-22T01:38:27.316Z] 服务器退出，退出码: 1
[2026-03-22T01:38:27.316Z] 将在5秒后重启 (今日第6次)
[2026-03-22T01:38:27.318Z] 启动论坛服务器...
[2026-03-22T01:38:27.424Z] 服务器退出，退出码: 1
[2026-03-22T01:38:27.425Z] 将在5秒后重启 (今日第5次)
[2026-03-22T01:38:27.770Z] 启动论坛服务器...
[2026-03-22T01:38:27.882Z] 服务器退出，退出码: 1
[2026-03-22T01:38:27.882Z] 将在5秒后重启 (今日第1次)
[2026-03-22T01:38:32.324Z] 启动论坛服务器...
[2026-03-22T01:38:32.438Z] 启动论坛服务器...
[2026-03-22T01:38:32.445Z] 服务器退出，退出码: 1
[2026-03-22T01:38:32.446Z] 将在5秒后重启 (今日第7次)
[2026-03-22T01:38:32.547Z] 服务器退出，退出码: 1
[2026-03-22T01:38:32.548Z] 将在5秒后重启 (今日第6次)
[2026-03-22T01:38:32.895Z] 启动论坛服务器...
[2026-03-22T01:38:33.008Z] 服务器退出，退出码: 1
[2026-03-22T01:38:33.008Z] 将在5秒后重启 (今日第2次)
[2026-03-22T01:38:37.452Z] 启动论坛服务器...
[2026-03-22T01:38:37.556Z] 启动论坛服务器...
[2026-03-22T01:38:37.563Z] 服务器退出，退出码: 1
[2026-03-22T01:38:37.563Z] 将在5秒后重启 (今日第8次)
[2026-03-22T01:38:37.672Z] 服务器退出，退出码: 1
[2026-03-22T01:38:37.672Z] 将在5秒后重启 (今日第7次)
[2026-03-22T01:38:38.013Z] 启动论坛服务器...
[2026-03-22T01:38:38.123Z] 服务器退出，退出码: 1
[2026-03-22T01:38:38.123Z] 将在5秒后重启 (今日第3次)
[2026-03-22T01:38:42.574Z] 启动论坛服务器...
[2026-03-22T01:38:42.676Z] 启动论坛服务器...
[2026-03-22T01:38:42.697Z] 服务器退出，退出码: 1
[2026-03-22T01:38:42.698Z] 将在5秒后重启 (今日第9次)
[2026-03-22T01:38:42.792Z] 服务器退出，退出码: 1
[2026-03-22T01:38:42.792Z] 将在5秒后重启 (今日第8次)
[2026-03-22T01:38:43.135Z] 启动论坛服务器...
[2026-03-22T01:38:43.247Z] 服务器退出，退出码: 1
[2026-03-22T01:38:43.248Z] 将在5秒后重启 (今日第4次)
[2026-03-22T01:38:47.136Z] 健康检查失败，无法连接到服务器
[2026-03-22T01:38:47.711Z] 启动论坛服务器...
[2026-03-22T01:38:47.803Z] 启动论坛服务器...
[2026-03-22T01:38:47.832Z] 服务器退出，退出码: 1
[2026-03-22T01:38:47.834Z] 将在5秒后重启 (今日第10次)
[2026-03-22T01:38:47.919Z] 服务器退出，退出码: 1
[2026-03-22T01:38:47.919Z] 将在5秒后重启 (今日第9次)
[2026-03-22T01:38:48.260Z] 启动论坛服务器...
[2026-03-22T01:38:48.373Z] 服务器退出，退出码: 1
[2026-03-22T01:38:48.373Z] 将在5秒后重启 (今日第5次)
[2026-03-22T01:38:52.843Z] 启动论坛服务器...
[2026-03-22T01:38:52.935Z] 启动论坛服务器...
[2026-03-22T01:38:52.984Z] 服务器退出，退出码: 1
[2026-03-22T01:38:52.985Z] 重启次数过多，暂停1小时
[2026-03-22T01:38:53.080Z] 服务器退出，退出码: 1
[2026-03-22T01:38:53.080Z] 将在5秒后重启 (今日第10次)
[2026-03-22T01:38:53.389Z] 启动论坛服务器...
[2026-03-22T01:38:53.500Z] 服务器退出，退出码: 1
[2026-03-22T01:38:53.501Z] 将在5秒后重启 (今日第6次)
[2026-03-22T01:38:58.094Z] 启动论坛服务器...
[2026-03-22T01:38:58.223Z] 服务器退出，退出码: 1
[2026-03-22T01:38:58.223Z] 重启次数过多，暂停1小时
[2026-03-22T01:38:58.502Z] 启动论坛服务器...
[2026-03-22T01:38:58.611Z] 服务器退出，退出码: 1
[2026-03-22T01:38:58.611Z] 将在5秒后重启 (今日第7次)
[2026-03-22T01:39:03.623Z] 启动论坛服务器...
[2026-03-22T01:39:03.757Z] 服务器退出，退出码: 1
[2026-03-22T01:39:03.757Z] 将在5秒后重启 (今日第8次)
[2026-03-22T01:39:08.759Z] 启动论坛服务器...
[2026-03-22T01:39:08.876Z] 服务器退出，退出码: 1
[2026-03-22T01:39:08.877Z] 将在5秒后重启 (今日第9次)
[2026-03-22T01:39:13.892Z] 启动论坛服务器...
[2026-03-22T01:39:14.026Z] 服务器退出，退出码: 1
[2026-03-22T01:39:14.026Z] 将在5秒后重启 (今日第10次)
[2026-03-22T01:39:19.049Z] 启动论坛服务器...
[2026-03-22T01:39:19.435Z] 服务器退出，退出码: 1
[2026-03-22T01:39:19.436Z] 重启次数过多，暂停1小时
[2026-03-22T01:39:49.392Z] 健康检查失败，无法连接到服务器
[2026-03-22T01:41:19.161Z] 启动论坛服务器...
[2026-03-22T01:41:19.302Z] 服务器退出，退出码: 1
[2026-03-22T01:41:19.303Z] 将在5秒后重启 (今日第1次)
[2026-03-22T01:41:24.310Z] 启动论坛服务器...
[2026-03-22T01:41:24.418Z] 服务器退出，退出码: 1
[2026-03-22T01:41:24.418Z] 将在5秒后重启 (今日第2次)
[2026-03-22T01:41:29.431Z] 启动论坛服务器...
[2026-03-22T01:41:29.539Z] 服务器退出，退出码: 1
[2026-03-22T01:41:29.539Z] 将在5秒后重启 (今日第3次)
[2026-03-22T01:41:34.553Z] 启动论坛服务器...
[2026-03-22T01:41:34.661Z] 服务器退出，退出码: 1
[2026-03-22T01:41:34.661Z] 将在5秒后重启 (今日第4次)
[2026-03-22T01:41:39.672Z] 启动论坛服务器...
[2026-03-22T01:41:39.777Z] 服务器退出，退出码: 1
[2026-03-22T01:41:39.778Z] 将在5秒后重启 (今日第5次)
[2026-03-22T01:41:44.788Z] 启动论坛服务器...
[2026-03-22T01:41:44.895Z] 服务器退出，退出码: 1
[2026-03-22T01:41:44.896Z] 将在5秒后重启 (今日第6次)
[2026-03-22T01:41:49.909Z] 启动论坛服务器...
[2026-03-22T01:41:50.017Z] 服务器退出，退出码: 1
[2026-03-22T01:41:50.017Z] 将在5秒后重启 (今日第7次)
[2026-03-22T01:41:55.026Z] 启动论坛服务器...
[2026-03-22T01:41:55.128Z] 服务器退出，退出码: 1
[2026-03-22T01:41:55.128Z] 将在5秒后重启 (今日第8次)
[2026-03-22T01:42:00.144Z] 启动论坛服务器...
[2026-03-22T01:42:00.251Z] 服务器退出，退出码: 1
[2026-03-22T01:42:00.252Z] 将在5秒后重启 (今日第9次)
[2026-03-22T01:42:04.336Z] 健康检查失败，无法连接到服务器
[2026-03-22T01:42:05.265Z] 启动论坛服务器...
[2026-03-22T01:42:05.374Z] 服务器退出，退出码: 1
[2026-03-22T01:42:05.375Z] 将在5秒后重启 (今日第10次)
[2026-03-22T01:42:10.386Z] 启动论坛服务器...
[2026-03-22T01:42:10.489Z] 服务器退出，退出码: 1
[2026-03-22T01:42:10.489Z] 重启次数过多，暂停1小时
[2026-03-22T01:42:57.954Z] 健康检查失败，无法连接到服务器
[2026-03-22T01:43:47.143Z] 健康检查失败，无法连接到服务器
[2026-03-22T01:44:49.384Z] 健康检查失败，无法连接到服务器
[2026-03-22T01:47:04.343Z] 健康检查失败，无法连接到服务器
[2026-03-22T01:47:57.956Z] 健康检查失败，无法连接到服务器
[2026-03-22T01:48:47.154Z] 健康检查失败，无法连接到服务器
[2026-03-22T01:49:49.385Z] 健康检查失败，无法连接到服务器
[2026-03-22T01:52:04.351Z] 健康检查失败，无法连接到服务器
[2026-03-22T01:52:57.965Z] 健康检查失败，无法连接到服务器
[2026-03-22T01:53:47.159Z] 健康检查失败，无法连接到服务器
[2026-03-22T01:54:49.392Z] 健康检查失败，无法连接到服务器
[2026-03-22T01:57:04.350Z] 健康检查失败，无法连接到服务器
[2026-03-22T01:57:57.976Z] 健康检查失败，无法连接到服务器
[2026-03-22T01:58:47.156Z] 健康检查失败，无法连接到服务器
[2026-03-22T01:59:49.396Z] 健康检查失败，无法连接到服务器
[2026-03-22T02:02:04.354Z] 健康检查失败，无法连接到服务器
[2026-03-22T02:02:57.981Z] 健康检查失败，无法连接到服务器
[2026-03-22T02:03:47.165Z] 健康检查失败，无法连接到服务器
[2026-03-22T02:04:49.397Z] 健康检查失败，无法连接到服务器
[2026-03-22T02:07:04.357Z] 健康检查失败，无法连接到服务器
[2026-03-22T02:07:57.992Z] 健康检查失败，无法连接到服务器
[2026-03-22T02:08:47.163Z] 健康检查失败，无法连接到服务器
[2026-03-22T02:09:49.407Z] 健康检查失败，无法连接到服务器
[2026-03-22T02:12:04.362Z] 健康检查失败，无法连接到服务器
[2026-03-22T02:12:58.155Z] 健康检查失败，无法连接到服务器
[2026-03-22T02:13:47.173Z] 健康检查失败，无法连接到服务器
[2026-03-22T02:14:49.413Z] 健康检查失败，无法连接到服务器
[2026-03-22T02:17:04.366Z] 健康检查失败，无法连接到服务器
[2026-03-22T02:17:58.148Z] 健康检查失败，无法连接到服务器
[2026-03-22T02:18:47.184Z] 健康检查失败，无法连接到服务器
[2026-03-22T02:19:49.403Z] 健康检查失败，无法连接到服务器
[2026-03-22T02:22:04.368Z] 健康检查失败，无法连接到服务器
[2026-03-22T02:22:58.149Z] 健康检查失败，无法连接到服务器
[2026-03-22T02:23:47.185Z] 健康检查失败，无法连接到服务器
[2026-03-22T02:24:49.408Z] 健康检查失败，无法连接到服务器
[2026-03-22T02:27:04.369Z] 健康检查失败，无法连接到服务器
[2026-03-22T02:27:58.159Z] 健康检查失败，无法连接到服务器
[2026-03-22T02:28:47.188Z] 健康检查失败，无法连接到服务器
[2026-03-22T02:29:49.418Z] 健康检查失败，无法连接到服务器
[2026-03-22T02:32:04.378Z] 健康检查失败，无法连接到服务器
[2026-03-22T02:32:58.166Z] 健康检查失败，无法连接到服务器
[2026-03-22T02:33:47.199Z] 健康检查失败，无法连接到服务器
[2026-03-22T02:34:49.431Z] 健康检查失败，无法连接到服务器
[2026-03-22T02:37:04.384Z] 健康检查失败，无法连接到服务器
[2026-03-22T02:37:58.170Z] 健康检查失败，无法连接到服务器
[2026-03-22T02:38:47.197Z] 健康检查失败，无法连接到服务器
[2026-03-22T02:38:52.947Z] 启动论坛服务器...
[2026-03-22T02:38:58.188Z] 启动论坛服务器...
[2026-03-22T02:38:58.305Z] 服务器退出，退出码: 1
[2026-03-22T02:38:58.306Z] 将在5秒后重启 (今日第1次)
[2026-03-22T02:39:03.312Z] 启动论坛服务器...
[2026-03-22T02:39:03.439Z] 服务器退出，退出码: 1
[2026-03-22T02:39:03.440Z] 将在5秒后重启 (今日第2次)
[2026-03-22T02:39:08.456Z] 启动论坛服务器...
[2026-03-22T02:39:08.605Z] 服务器退出，退出码: 1
[2026-03-22T02:39:08.605Z] 将在5秒后重启 (今日第3次)
[2026-03-22T02:39:13.625Z] 启动论坛服务器...
[2026-03-22T02:39:13.757Z] 服务器退出，退出码: 1
[2026-03-22T02:39:13.757Z] 将在5秒后重启 (今日第4次)
[2026-03-22T02:39:18.759Z] 启动论坛服务器...
[2026-03-22T02:39:18.889Z] 服务器退出，退出码: 1
[2026-03-22T02:39:18.889Z] 将在5秒后重启 (今日第5次)
[2026-03-22T02:39:19.406Z] 启动论坛服务器...
[2026-03-22T02:39:19.535Z] 服务器退出，退出码: 1
[2026-03-22T02:39:19.535Z] 将在5秒后重启 (今日第1次)
[2026-03-22T02:39:23.894Z] 启动论坛服务器...
[2026-03-22T02:39:24.024Z] 服务器退出，退出码: 1
[2026-03-22T02:39:24.024Z] 将在5秒后重启 (今日第6次)
[2026-03-22T02:39:24.554Z] 启动论坛服务器...
[2026-03-22T02:39:24.687Z] 服务器退出，退出码: 1
[2026-03-22T02:39:24.688Z] 将在5秒后重启 (今日第2次)
[2026-03-22T02:39:29.032Z] 启动论坛服务器...
[2026-03-22T02:39:29.195Z] 服务器退出，退出码: 1
[2026-03-22T02:39:29.196Z] 将在5秒后重启 (今日第7次)
[2026-03-22T02:39:29.691Z] 启动论坛服务器...
[2026-03-22T02:39:29.805Z] 服务器退出，退出码: 1
[2026-03-22T02:39:29.805Z] 将在5秒后重启 (今日第3次)
[2026-03-22T02:39:34.202Z] 启动论坛服务器...
[2026-03-22T02:39:34.351Z] 服务器退出，退出码: 1
[2026-03-22T02:39:34.351Z] 将在5秒后重启 (今日第8次)
[2026-03-22T02:39:34.817Z] 启动论坛服务器...
[2026-03-22T02:39:34.948Z] 服务器退出，退出码: 1
[2026-03-22T02:39:34.949Z] 将在5秒后重启 (今日第4次)
[2026-03-22T02:39:39.361Z] 启动论坛服务器...
[2026-03-22T02:39:39.495Z] 服务器退出，退出码: 1
[2026-03-22T02:39:39.495Z] 将在5秒后重启 (今日第9次)
[2026-03-22T02:39:39.963Z] 启动论坛服务器...
[2026-03-22T02:39:40.112Z] 服务器退出，退出码: 1
[2026-03-22T02:39:40.117Z] 将在5秒后重启 (今日第5次)
[2026-03-22T02:39:44.509Z] 启动论坛服务器...
[2026-03-22T02:39:44.823Z] 服务器退出，退出码: 1
[2026-03-22T02:39:44.828Z] 将在5秒后重启 (今日第10次)
[2026-03-22T02:39:45.120Z] 启动论坛服务器...
[2026-03-22T02:39:45.271Z] 服务器退出，退出码: 1
[2026-03-22T02:39:45.272Z] 将在5秒后重启 (今日第6次)
[2026-03-22T02:39:49.435Z] 健康检查失败，无法连接到服务器
[2026-03-22T02:39:49.844Z] 启动论坛服务器...
[2026-03-22T02:39:50.007Z] 服务器退出，退出码: 1
[2026-03-22T02:39:50.008Z] 重启次数过多，暂停1小时
[2026-03-22T02:39:50.278Z] 启动论坛服务器...
[2026-03-22T02:39:50.411Z] 服务器退出，退出码: 1
[2026-03-22T02:39:50.412Z] 将在5秒后重启 (今日第7次)
[2026-03-22T02:39:55.419Z] 启动论坛服务器...
[2026-03-22T02:39:55.538Z] 服务器退出，退出码: 1
[2026-03-22T02:39:55.538Z] 将在5秒后重启 (今日第8次)
[2026-03-22T02:40:00.553Z] 启动论坛服务器...
[2026-03-22T02:40:00.699Z] 服务器退出，退出码: 1
[2026-03-22T02:40:00.699Z] 将在5秒后重启 (今日第9次)
[2026-03-22T02:40:05.710Z] 启动论坛服务器...
[2026-03-22T02:40:05.859Z] 服务器退出，退出码: 1
[2026-03-22T02:40:05.860Z] 将在5秒后重启 (今日第10次)
[2026-03-22T02:40:10.876Z] 启动论坛服务器...
[2026-03-22T02:40:11.022Z] 服务器退出，退出码: 1
[2026-03-22T02:40:11.023Z] 重启次数过多，暂停1小时
[2026-03-22T02:42:04.389Z] 健康检查失败，无法连接到服务器
[2026-03-22T02:42:10.463Z] 启动论坛服务器...
[2026-03-22T02:42:10.565Z] 服务器退出，退出码: 1
[2026-03-22T02:42:10.566Z] 将在5秒后重启 (今日第1次)
[2026-03-22T02:42:15.572Z] 启动论坛服务器...
[2026-03-22T02:42:15.705Z] 服务器退出，退出码: 1
[2026-03-22T02:42:15.706Z] 将在5秒后重启 (今日第2次)
[2026-03-22T02:42:20.715Z] 启动论坛服务器...
[2026-03-22T02:42:20.848Z] 服务器退出，退出码: 1
[2026-03-22T02:42:20.848Z] 将在5秒后重启 (今日第3次)
[2026-03-22T02:42:25.852Z] 启动论坛服务器...
[2026-03-22T02:42:25.970Z] 服务器退出，退出码: 1
[2026-03-22T02:42:25.971Z] 将在5秒后重启 (今日第4次)
[2026-03-22T02:42:31.008Z] 启动论坛服务器...
[2026-03-22T02:42:31.182Z] 服务器退出，退出码: 1
[2026-03-22T02:42:31.183Z] 将在5秒后重启 (今日第5次)
[2026-03-22T02:42:36.190Z] 启动论坛服务器...
[2026-03-22T02:42:36.298Z] 服务器退出，退出码: 1
[2026-03-22T02:42:36.298Z] 将在5秒后重启 (今日第6次)
[2026-03-22T02:42:41.309Z] 启动论坛服务器...
[2026-03-22T02:42:41.423Z] 服务器退出，退出码: 1
[2026-03-22T02:42:41.424Z] 将在5秒后重启 (今日第7次)
[2026-03-22T02:42:46.429Z] 启动论坛服务器...
[2026-03-22T02:42:46.539Z] 服务器退出，退出码: 1
[2026-03-22T02:42:46.540Z] 将在5秒后重启 (今日第8次)
[2026-03-22T02:42:51.551Z] 启动论坛服务器...
[2026-03-22T02:42:51.674Z] 服务器退出，退出码: 1
[2026-03-22T02:42:51.674Z] 将在5秒后重启 (今日第9次)
[2026-03-22T02:42:56.688Z] 启动论坛服务器...
[2026-03-22T02:42:56.804Z] 服务器退出，退出码: 1
[2026-03-22T02:42:56.804Z] 将在5秒后重启 (今日第10次)
[2026-03-22T02:42:58.177Z] 健康检查失败，无法连接到服务器
[2026-03-22T02:43:01.814Z] 启动论坛服务器...
[2026-03-22T02:43:01.918Z] 服务器退出，退出码: 1
[2026-03-22T02:43:01.918Z] 重启次数过多，暂停1小时
[2026-03-22T02:43:47.202Z] 健康检查失败，无法连接到服务器
[2026-03-22T02:44:49.436Z] 健康检查失败，无法连接到服务器
[2026-03-22T02:47:04.387Z] 健康检查失败，无法连接到服务器
[2026-03-22T02:47:58.174Z] 健康检查失败，无法连接到服务器
